{"uuid":"dc0b7b3a-b9e8-4493-8d75-f2854e92e055","historyId":"cba561c7fe3d0ea96824bdcedcf75cdb","fullName":"selenium_tests.HomePageTests.addFeaturedProductsToCart","labels":[{"name":"package","value":"selenium_tests.HomePageTests"},{"name":"testClass","value":"selenium_tests.HomePageTests"},{"name":"testMethod","value":"addFeaturedProductsToCart"},{"name":"parentSuite","value":"Suite1"},{"name":"suite","value":"Regression2"},{"name":"subSuite","value":"selenium_tests.HomePageTests"},{"name":"host","value":"Oscars-MacBook-Pro.local"},{"name":"thread","value":"5656@Oscars-MacBook-Pro.local.TestNG-tests-1(37)"},{"name":"framework","value":"testng"},{"name":"language","value":"java"}],"links":[],"name":"addFeaturedProductsToCart","status":"broken","statusDetails":{"known":false,"muted":false,"flaky":false,"message":"Expected condition failed: waiting for web_element_behaviour.Expect$$Lambda$637/0x0000000801489640@76d9c875 (tried for 10 second(s) with 500 milliseconds interval)\nBuild info: version: '4.7.2', revision: '4d4020c3b7'\nSystem info: os.name: 'Mac OS X', os.arch: 'x86_64', os.version: '13.1', java.version: '19.0.1'\nDriver info: org.openqa.selenium.chrome.ChromeDriver\nCapabilities {acceptInsecureCerts: false, browserName: chrome, browserVersion: 109.0.5414.87, chrome: {chromedriverVersion: 109.0.5414.74 (e7c5703604da..., userDataDir: /var/folders/x9/fqc11xs10cs...}, goog:chromeOptions: {debuggerAddress: localhost:59969}, networkConnectionEnabled: false, pageLoadStrategy: normal, platformName: MAC, proxy: Proxy(), se:cdp: ws://localhost:59969/devtoo..., se:cdpVersion: 109.0.5414.87, setWindowRect: true, strictFileInteractability: false, timeouts: {implicit: 0, pageLoad: 300000, script: 30000}, unhandledPromptBehavior: dismiss and notify, webauthn:extension:credBlob: true, webauthn:extension:largeBlob: true, webauthn:virtualAuthenticators: true}\nSession ID: 3d7d8799ed0debe464896ecb43bed977","trace":"org.openqa.selenium.TimeoutException: Expected condition failed: waiting for web_element_behaviour.Expect$$Lambda$637/0x0000000801489640@76d9c875 (tried for 10 second(s) with 500 milliseconds interval)\nBuild info: version: '4.7.2', revision: '4d4020c3b7'\nSystem info: os.name: 'Mac OS X', os.arch: 'x86_64', os.version: '13.1', java.version: '19.0.1'\nDriver info: org.openqa.selenium.chrome.ChromeDriver\nCapabilities {acceptInsecureCerts: false, browserName: chrome, browserVersion: 109.0.5414.87, chrome: {chromedriverVersion: 109.0.5414.74 (e7c5703604da..., userDataDir: /var/folders/x9/fqc11xs10cs...}, goog:chromeOptions: {debuggerAddress: localhost:59969}, networkConnectionEnabled: false, pageLoadStrategy: normal, platformName: MAC, proxy: Proxy(), se:cdp: ws://localhost:59969/devtoo..., se:cdpVersion: 109.0.5414.87, setWindowRect: true, strictFileInteractability: false, timeouts: {implicit: 0, pageLoad: 300000, script: 30000}, unhandledPromptBehavior: dismiss and notify, webauthn:extension:credBlob: true, webauthn:extension:largeBlob: true, webauthn:virtualAuthenticators: true}\nSession ID: 3d7d8799ed0debe464896ecb43bed977\n\tat org.openqa.selenium.support.ui.WebDriverWait.timeoutException(WebDriverWait.java:87)\n\tat org.openqa.selenium.support.ui.FluentWait.until(FluentWait.java:231)\n\tat web_element_behaviour.Expect.waitForLocatorToBeVisible(Expect.java:36)\n\tat web_element_behaviour.Expect.toContainText(Expect.java:50)\n\tat selenium_tests.HomePageTests.addFeaturedProductsToCart(HomePageTests.java:49)\n\tat java.base/jdk.internal.reflect.DirectMethodHandleAccessor.invoke(DirectMethodHandleAccessor.java:104)\n\tat java.base/java.lang.reflect.Method.invoke(Method.java:578)\n\tat org.testng.internal.invokers.MethodInvocationHelper.invokeMethod(MethodInvocationHelper.java:139)\n\tat org.testng.internal.invokers.TestInvoker.invokeMethod(TestInvoker.java:677)\n\tat org.testng.internal.invokers.TestInvoker.invokeTestMethod(TestInvoker.java:221)\n\tat org.testng.internal.invokers.MethodRunner.runInSequence(MethodRunner.java:50)\n\tat org.testng.internal.invokers.TestInvoker$MethodInvocationAgent.invoke(TestInvoker.java:969)\n\tat org.testng.internal.invokers.TestInvoker.invokeTestMethods(TestInvoker.java:194)\n\tat org.testng.internal.invokers.TestMethodWorker.invokeTestMethods(TestMethodWorker.java:148)\n\tat org.testng.internal.invokers.TestMethodWorker.run(TestMethodWorker.java:128)\n\tat java.base/java.util.ArrayList.forEach(ArrayList.java:1511)\n\tat org.testng.TestRunner.privateRun(TestRunner.java:829)\n\tat org.testng.TestRunner.run(TestRunner.java:602)\n\tat org.testng.SuiteRunner.runTest(SuiteRunner.java:437)\n\tat org.testng.SuiteRunner$SuiteWorker.run(SuiteRunner.java:475)\n\tat org.testng.internal.thread.ThreadUtil.lambda$execute$0(ThreadUtil.java:58)\n\tat java.base/java.util.concurrent.FutureTask.run(FutureTask.java:317)\n\tat java.base/java.util.concurrent.ThreadPoolExecutor.runWorker(ThreadPoolExecutor.java:1144)\n\tat java.base/java.util.concurrent.ThreadPoolExecutor$Worker.run(ThreadPoolExecutor.java:642)\n\tat java.base/java.lang.Thread.run(Thread.java:1589)\n"},"stage":"finished","description":"Expect a user to be able to add featured products to cart.","steps":[{"name":"I am navigating to baseUrl + /","status":"passed","stage":"finished","steps":[],"attachments":[],"parameters":[{"name":"endpoint","value":"/"}],"start":1674396975815,"stop":1674396976518},{"name":"Get list of elements By.cssSelector: ul[class='products columns-5'] li .add_to_cart_button","status":"passed","stage":"finished","steps":[],"attachments":[],"parameters":[{"name":"locator","value":"By.cssSelector: ul[class='products columns-5'] li .add_to_cart_button"}],"start":1674396976519,"stop":1674396976611},{"name":"Clicking on locator [[ChromeDriver: chrome on MAC (3d7d8799ed0debe464896ecb43bed977)] -> css selector: ul[class='products columns-5'] li .add_to_cart_button]","status":"passed","stage":"finished","steps":[],"attachments":[],"parameters":[{"name":"webElement","value":"[[ChromeDriver: chrome on MAC (3d7d8799ed0debe464896ecb43bed977)] -> css selector: ul[class='products columns-5'] li .add_to_cart_button]"}],"start":1674396976611,"stop":1674396976761},{"name":"Clicking on locator [[ChromeDriver: chrome on MAC (3d7d8799ed0debe464896ecb43bed977)] -> css selector: ul[class='products columns-5'] li .add_to_cart_button]","status":"passed","stage":"finished","steps":[],"attachments":[],"parameters":[{"name":"webElement","value":"[[ChromeDriver: chrome on MAC (3d7d8799ed0debe464896ecb43bed977)] -> css selector: ul[class='products columns-5'] li .add_to_cart_button]"}],"start":1674396976761,"stop":1674396976796},{"name":"Clicking on locator [[ChromeDriver: chrome on MAC (3d7d8799ed0debe464896ecb43bed977)] -> css selector: ul[class='products columns-5'] li .add_to_cart_button]","status":"passed","stage":"finished","steps":[],"attachments":[],"parameters":[{"name":"webElement","value":"[[ChromeDriver: chrome on MAC (3d7d8799ed0debe464896ecb43bed977)] -> css selector: ul[class='products columns-5'] li .add_to_cart_button]"}],"start":1674396976796,"stop":1674396976829},{"name":"Clicking on locator [[ChromeDriver: chrome on MAC (3d7d8799ed0debe464896ecb43bed977)] -> css selector: ul[class='products columns-5'] li .add_to_cart_button]","status":"passed","stage":"finished","steps":[],"attachments":[],"parameters":[{"name":"webElement","value":"[[ChromeDriver: chrome on MAC (3d7d8799ed0debe464896ecb43bed977)] -> css selector: ul[class='products columns-5'] li .add_to_cart_button]"}],"start":1674396976829,"stop":1674396976860},{"name":"Clicking on locator [[ChromeDriver: chrome on MAC (3d7d8799ed0debe464896ecb43bed977)] -> css selector: ul[class='products columns-5'] li .add_to_cart_button]","status":"passed","stage":"finished","steps":[],"attachments":[],"parameters":[{"name":"webElement","value":"[[ChromeDriver: chrome on MAC (3d7d8799ed0debe464896ecb43bed977)] -> css selector: ul[class='products columns-5'] li .add_to_cart_button]"}],"start":1674396976860,"stop":1674396976892},{"name":"Expect element: By.xpath: (//span[@class='count'])[1]","status":"passed","stage":"finished","steps":[],"attachments":[],"parameters":[{"name":"locator","value":"By.xpath: (//span[@class='count'])[1]"}],"start":1674396976892,"stop":1674396976892},{"name":"ToContainText: 5","status":"broken","statusDetails":{"known":false,"muted":false,"flaky":false,"message":"Expected condition failed: waiting for web_element_behaviour.Expect$$Lambda$637/0x0000000801489640@76d9c875 (tried for 10 second(s) with 500 milliseconds interval)\nBuild info: version: '4.7.2', revision: '4d4020c3b7'\nSystem info: os.name: 'Mac OS X', os.arch: 'x86_64', os.version: '13.1', java.version: '19.0.1'\nDriver info: org.openqa.selenium.chrome.ChromeDriver\nCapabilities {acceptInsecureCerts: false, browserName: chrome, browserVersion: 109.0.5414.87, chrome: {chromedriverVersion: 109.0.5414.74 (e7c5703604da..., userDataDir: /var/folders/x9/fqc11xs10cs...}, goog:chromeOptions: {debuggerAddress: localhost:59969}, networkConnectionEnabled: false, pageLoadStrategy: normal, platformName: MAC, proxy: Proxy(), se:cdp: ws://localhost:59969/devtoo..., se:cdpVersion: 109.0.5414.87, setWindowRect: true, strictFileInteractability: false, timeouts: {implicit: 0, pageLoad: 300000, script: 30000}, unhandledPromptBehavior: dismiss and notify, webauthn:extension:credBlob: true, webauthn:extension:largeBlob: true, webauthn:virtualAuthenticators: true}\nSession ID: 3d7d8799ed0debe464896ecb43bed977","trace":"org.openqa.selenium.TimeoutException: Expected condition failed: waiting for web_element_behaviour.Expect$$Lambda$637/0x0000000801489640@76d9c875 (tried for 10 second(s) with 500 milliseconds interval)\nBuild info: version: '4.7.2', revision: '4d4020c3b7'\nSystem info: os.name: 'Mac OS X', os.arch: 'x86_64', os.version: '13.1', java.version: '19.0.1'\nDriver info: org.openqa.selenium.chrome.ChromeDriver\nCapabilities {acceptInsecureCerts: false, browserName: chrome, browserVersion: 109.0.5414.87, chrome: {chromedriverVersion: 109.0.5414.74 (e7c5703604da..., userDataDir: /var/folders/x9/fqc11xs10cs...}, goog:chromeOptions: {debuggerAddress: localhost:59969}, networkConnectionEnabled: false, pageLoadStrategy: normal, platformName: MAC, proxy: Proxy(), se:cdp: ws://localhost:59969/devtoo..., se:cdpVersion: 109.0.5414.87, setWindowRect: true, strictFileInteractability: false, timeouts: {implicit: 0, pageLoad: 300000, script: 30000}, unhandledPromptBehavior: dismiss and notify, webauthn:extension:credBlob: true, webauthn:extension:largeBlob: true, webauthn:virtualAuthenticators: true}\nSession ID: 3d7d8799ed0debe464896ecb43bed977\n\tat org.openqa.selenium.support.ui.WebDriverWait.timeoutException(WebDriverWait.java:87)\n\tat org.openqa.selenium.support.ui.FluentWait.until(FluentWait.java:231)\n\tat web_element_behaviour.Expect.waitForLocatorToBeVisible(Expect.java:36)\n\tat web_element_behaviour.Expect.toContainText(Expect.java:50)\n\tat selenium_tests.HomePageTests.addFeaturedProductsToCart(HomePageTests.java:49)\n\tat java.base/jdk.internal.reflect.DirectMethodHandleAccessor.invoke(DirectMethodHandleAccessor.java:104)\n\tat java.base/java.lang.reflect.Method.invoke(Method.java:578)\n\tat org.testng.internal.invokers.MethodInvocationHelper.invokeMethod(MethodInvocationHelper.java:139)\n\tat org.testng.internal.invokers.TestInvoker.invokeMethod(TestInvoker.java:677)\n\tat org.testng.internal.invokers.TestInvoker.invokeTestMethod(TestInvoker.java:221)\n\tat org.testng.internal.invokers.MethodRunner.runInSequence(MethodRunner.java:50)\n\tat org.testng.internal.invokers.TestInvoker$MethodInvocationAgent.invoke(TestInvoker.java:969)\n\tat org.testng.internal.invokers.TestInvoker.invokeTestMethods(TestInvoker.java:194)\n\tat org.testng.internal.invokers.TestMethodWorker.invokeTestMethods(TestMethodWorker.java:148)\n\tat org.testng.internal.invokers.TestMethodWorker.run(TestMethodWorker.java:128)\n\tat java.base/java.util.ArrayList.forEach(ArrayList.java:1511)\n\tat org.testng.TestRunner.privateRun(TestRunner.java:829)\n\tat org.testng.TestRunner.run(TestRunner.java:602)\n\tat org.testng.SuiteRunner.runTest(SuiteRunner.java:437)\n\tat org.testng.SuiteRunner$SuiteWorker.run(SuiteRunner.java:475)\n\tat org.testng.internal.thread.ThreadUtil.lambda$execute$0(ThreadUtil.java:58)\n\tat java.base/java.util.concurrent.FutureTask.run(FutureTask.java:317)\n\tat java.base/java.util.concurrent.ThreadPoolExecutor.runWorker(ThreadPoolExecutor.java:1144)\n\tat java.base/java.util.concurrent.ThreadPoolExecutor$Worker.run(ThreadPoolExecutor.java:642)\n\tat java.base/java.lang.Thread.run(Thread.java:1589)\n"},"stage":"finished","steps":[],"attachments":[],"parameters":[{"name":"expectedText","value":"5"}],"start":1674396976892,"stop":1674396987027}],"attachments":[],"parameters":[{"name":"browser","value":"chrome"}],"start":1674396975796,"stop":1674396987032}