<!DOCTYPE html>

<html>
  <head>
  <meta charset='utf-8'>
  <title>TestNG reports</title>

    <link type="text/css" href="testng-reports1.css" rel="stylesheet" id="ultra" />
    <link type="text/css" href="testng-reports.css" rel="stylesheet" id="retro" disabled="false"/>
    <script type="text/javascript" src="jquery-3.6.0.min.js"></script>
    <script type="text/javascript" src="testng-reports.js"></script>
    <script type="text/javascript" src="https://www.google.com/jsapi"></script>
    <script type='text/javascript'>
      google.load('visualization', '1', {packages:['table']});
      google.setOnLoadCallback(drawTable);
      var suiteTableInitFunctions = new Array();
      var suiteTableData = new Array();
    </script>
    <!--
      <script type="text/javascript" src="jquery-ui/js/jquery-ui-1.8.16.custom.min.js"></script>
     -->
  </head>

  <body>    <div class="top-banner-root">
      <span class="top-banner-title-font">Test results</span>
      <button id="button" class="button">Switch Retro Theme</button> <!-- button -->
      <br/>
      <span class="top-banner-font-1">1 suite</span>
    </div> <!-- top-banner-root -->
    <div class="navigator-root">
      <div class="navigator-suite-header">
        <span>All suites</span>
        <a href="#" title="Collapse/expand all the suites" class="collapse-all-link">
          <img src="collapseall.gif" class="collapse-all-icon">
          </img> <!-- collapse-all-icon -->
        </a> <!-- collapse-all-link -->
      </div> <!-- navigator-suite-header -->
      <div class="suite">
        <div class="rounded-window">
          <div class="suite-header light-rounded-window-top">
            <a href="#" panel-name="suite-TestSuite1" class="navigator-link">
              <span class="suite-name border-skipped">TestSuite1</span>
            </a> <!-- navigator-link -->
          </div> <!-- suite-header light-rounded-window-top -->
          <div class="navigator-suite-content">
            <div class="suite-section-title">
              <span>Info</span>
            </div> <!-- suite-section-title -->
            <div class="suite-section-content">
              <ul>
                <li>
                  <a href="#" panel-name="test-xml-TestSuite1" class="navigator-link ">
                    <span>testng.yaml</span>
                  </a> <!-- navigator-link  -->
                </li>
                <li>
                  <a href="#" panel-name="testlist-TestSuite1" class="navigator-link ">
                    <span class="test-stats">6 tests</span>
                  </a> <!-- navigator-link  -->
                </li>
                <li>
                  <a href="#" panel-name="group-TestSuite1" class="navigator-link ">
                    <span>0 groups</span>
                  </a> <!-- navigator-link  -->
                </li>
                <li>
                  <a href="#" panel-name="times-TestSuite1" class="navigator-link ">
                    <span>Times</span>
                  </a> <!-- navigator-link  -->
                </li>
                <li>
                  <a href="#" panel-name="reporter-TestSuite1" class="navigator-link ">
                    <span>Reporter output</span>
                  </a> <!-- navigator-link  -->
                </li>
                <li>
                  <a href="#" panel-name="ignored-methods-TestSuite1" class="navigator-link ">
                    <span>Ignored methods</span>
                  </a> <!-- navigator-link  -->
                </li>
                <li>
                  <a href="#" panel-name="chronological-TestSuite1" class="navigator-link ">
                    <span>Chronological view</span>
                  </a> <!-- navigator-link  -->
                </li>
              </ul>
            </div> <!-- suite-section-content -->
            <div class="result-section">
              <div class="suite-section-title">
                <span>Results</span>
              </div> <!-- suite-section-title -->
              <div class="suite-section-content">
                <ul>
                  <li>
                    <span class="method-stats">28 methods,  17 skipped,  11 passed</span>
                  </li>
                  <li>
                    <span class="method-list-title skipped">Skipped methods</span>
                    <span class="show-or-hide-methods skipped">
                      <a href="#" panel-name="suite-TestSuite1" class="hide-methods skipped suite-TestSuite1"> (hide)</a> <!-- hide-methods skipped suite-TestSuite1 -->
                      <a href="#" panel-name="suite-TestSuite1" class="show-methods skipped suite-TestSuite1"> (show)</a> <!-- show-methods skipped suite-TestSuite1 -->
                    </span>
                    <div class="method-list-content skipped suite-TestSuite1">
                      <span>
                        <img src="skipped.png" width="3%"/>
                        <a href="#" panel-name="suite-TestSuite1" title="selenium_tests.HomePageTests" class="method navigator-link" hash-for-method="addFeaturedProductsToCart">addFeaturedProductsToCart</a> <!-- method navigator-link -->
                      </span>
                      <br/>
                      <span>
                        <img src="skipped.png" width="3%"/>
                        <a href="#" panel-name="suite-TestSuite1" title="selenium_tests.StorePageTests" class="method navigator-link" hash-for-method="addProductToCartFeature">addProductToCartFeature</a> <!-- method navigator-link -->
                      </span>
                      <br/>
                      <span>
                        <img src="skipped.png" width="3%"/>
                        <a href="#" panel-name="suite-TestSuite1" title="selenium_tests.StorePageTests" class="method navigator-link" hash-for-method="addToCartButtonsShouldHaveVisibleText">addToCartButtonsShouldHaveVisibleText</a> <!-- method navigator-link -->
                      </span>
                      <br/>
                      <span>
                        <img src="skipped.png" width="3%"/>
                        <a href="#" panel-name="suite-TestSuite1" title="selenium_tests.StorePageTests" class="method navigator-link" hash-for-method="browseByCategoryFeature">browseByCategoryFeature</a> <!-- method navigator-link -->
                      </span>
                      <br/>
                      <span>
                        <img src="skipped.png" width="3%"/>
                        <a href="#" panel-name="suite-TestSuite1" title="selenium_tests.HomePageTests" class="method navigator-link" hash-for-method="commercialInfoToBeVisible">commercialInfoToBeVisible</a> <!-- method navigator-link -->
                      </span>
                      <br/>
                      <span>
                        <img src="skipped.png" width="3%"/>
                        <a href="#" panel-name="suite-TestSuite1" title="selenium_tests.CheckoutPageTests" class="method navigator-link" hash-for-method="createAnAccountFormFeature">createAnAccountFormFeature</a> <!-- method navigator-link -->
                      </span>
                      <br/>
                      <span>
                        <img src="skipped.png" width="3%"/>
                        <a href="#" panel-name="suite-TestSuite1" title="selenium_tests.CartPageTests" class="method navigator-link" hash-for-method="expectErrorMessageIfEnteringInvalidCouponCode">expectErrorMessageIfEnteringInvalidCouponCode</a> <!-- method navigator-link -->
                      </span>
                      <br/>
                      <span>
                        <img src="skipped.png" width="3%"/>
                        <a href="#" panel-name="suite-TestSuite1" title="selenium_tests.HomePageTests" class="method navigator-link" hash-for-method="featuredProductsToBeVisible">featuredProductsToBeVisible</a> <!-- method navigator-link -->
                      </span>
                      <br/>
                      <span>
                        <img src="skipped.png" width="3%"/>
                        <a href="#" panel-name="suite-TestSuite1" title="selenium_tests.HomePageTests" class="method navigator-link" hash-for-method="findMoreButtonNavigation">findMoreButtonNavigation</a> <!-- method navigator-link -->
                      </span>
                      <br/>
                      <span>
                        <img src="skipped.png" width="3%"/>
                        <a href="#" panel-name="suite-TestSuite1" title="selenium_tests.CartPageTests" class="method navigator-link" hash-for-method="increaseItemQuantityFeature">increaseItemQuantityFeature</a> <!-- method navigator-link -->
                      </span>
                      <br/>
                      <span>
                        <img src="skipped.png" width="3%"/>
                        <a href="#" panel-name="suite-TestSuite1" title="selenium_tests.StorePageTests" class="method navigator-link" hash-for-method="noItemsInCartWidgetFeature">noItemsInCartWidgetFeature</a> <!-- method navigator-link -->
                      </span>
                      <br/>
                      <span>
                        <img src="skipped.png" width="3%"/>
                        <a href="#" panel-name="suite-TestSuite1" title="selenium_tests.CartPageTests" class="method navigator-link" hash-for-method="removeAndRestoreItemsFromCartFeature">removeAndRestoreItemsFromCartFeature</a> <!-- method navigator-link -->
                      </span>
                      <br/>
                      <span>
                        <img src="skipped.png" width="3%"/>
                        <a href="#" panel-name="suite-TestSuite1" title="selenium_tests.CheckoutPageTests" class="method navigator-link" hash-for-method="requiredFieldsFeature">requiredFieldsFeature</a> <!-- method navigator-link -->
                      </span>
                      <br/>
                      <span>
                        <img src="skipped.png" width="3%"/>
                        <a href="#" panel-name="suite-TestSuite1" title="selenium_tests.StorePageTests" class="method navigator-link" hash-for-method="searchFeature">searchFeature</a> <!-- method navigator-link -->
                      </span>
                      <br/>
                      <span>
                        <img src="skipped.png" width="3%"/>
                        <a href="#" panel-name="suite-TestSuite1" title="selenium_tests.CheckoutPageTests" class="method navigator-link" hash-for-method="shipToADifferentAddressFeature">shipToADifferentAddressFeature</a> <!-- method navigator-link -->
                      </span>
                      <br/>
                      <span>
                        <img src="skipped.png" width="3%"/>
                        <a href="#" panel-name="suite-TestSuite1" title="selenium_tests.StorePageTests" class="method navigator-link" hash-for-method="sortProductsFeature">sortProductsFeature</a> <!-- method navigator-link -->
                      </span>
                      <br/>
                      <span>
                        <img src="skipped.png" width="3%"/>
                        <a href="#" panel-name="suite-TestSuite1" title="selenium_tests.CheckoutPageTests" class="method navigator-link" hash-for-method="thePlaceOrderButtonShouldHaveVisibleText">thePlaceOrderButtonShouldHaveVisibleText</a> <!-- method navigator-link -->
                      </span>
                      <br/>
                    </div> <!-- method-list-content skipped suite-TestSuite1 -->
                  </li>
                  <li>
                    <span class="method-list-title passed">Passed methods</span>
                    <span class="show-or-hide-methods passed">
                      <a href="#" panel-name="suite-TestSuite1" class="hide-methods passed suite-TestSuite1"> (hide)</a> <!-- hide-methods passed suite-TestSuite1 -->
                      <a href="#" panel-name="suite-TestSuite1" class="show-methods passed suite-TestSuite1"> (show)</a> <!-- show-methods passed suite-TestSuite1 -->
                    </span>
                    <div class="method-list-content passed suite-TestSuite1">
                      <span>
                        <img src="passed.png" width="3%"/>
                        <a href="#" panel-name="suite-TestSuite1" title="selenium_tests.e2e" class="method navigator-link" hash-for-method="endToEndBuyADifferentProduct">endToEndBuyADifferentProduct</a> <!-- method navigator-link -->
                      </span>
                      <br/>
                      <span>
                        <img src="passed.png" width="3%"/>
                        <a href="#" panel-name="suite-TestSuite1" title="selenium_tests.e2e" class="method navigator-link" hash-for-method="endToEndBuyAProduct">endToEndBuyAProduct</a> <!-- method navigator-link -->
                      </span>
                      <br/>
                      <span>
                        <img src="passed.png" width="3%"/>
                        <a href="#" panel-name="suite-TestSuite1" title="selenium_tests.HeaderNavBarTests" class="method navigator-link" hash-for-method="headerNavBarNavigationFeature(Home, /)">headerNavBarNavigationFeature(Home, /)</a> <!-- method navigator-link -->
                      </span>
                      <br/>
                      <span>
                        <img src="passed.png" width="3%"/>
                        <a href="#" panel-name="suite-TestSuite1" title="selenium_tests.HeaderNavBarTests" class="method navigator-link" hash-for-method="headerNavBarNavigationFeature(Account, /account)">headerNavBarNavigationFeature(Account, /account)</a> <!-- method navigator-link -->
                      </span>
                      <br/>
                      <span>
                        <img src="passed.png" width="3%"/>
                        <a href="#" panel-name="suite-TestSuite1" title="selenium_tests.HeaderNavBarTests" class="method navigator-link" hash-for-method="headerNavBarNavigationFeature(Store, /store)">headerNavBarNavigationFeature(Store, /store)</a> <!-- method navigator-link -->
                      </span>
                      <br/>
                      <span>
                        <img src="passed.png" width="3%"/>
                        <a href="#" panel-name="suite-TestSuite1" title="selenium_tests.HeaderNavBarTests" class="method navigator-link" hash-for-method="headerNavBarNavigationFeature(Women, /product-category/women)">headerNavBarNavigationFeature(Women, /product-category/women)</a> <!-- method navigator-link -->
                      </span>
                      <br/>
                      <span>
                        <img src="passed.png" width="3%"/>
                        <a href="#" panel-name="suite-TestSuite1" title="selenium_tests.HeaderNavBarTests" class="method navigator-link" hash-for-method="headerNavBarNavigationFeature(About, /about)">headerNavBarNavigationFeature(About, /about)</a> <!-- method navigator-link -->
                      </span>
                      <br/>
                      <span>
                        <img src="passed.png" width="3%"/>
                        <a href="#" panel-name="suite-TestSuite1" title="selenium_tests.HeaderNavBarTests" class="method navigator-link" hash-for-method="headerNavBarNavigationFeature(Accessories, /product-category/accessories)">headerNavBarNavigationFeature(Accessories, /product-category/accessories)</a> <!-- method navigator-link -->
                      </span>
                      <br/>
                      <span>
                        <img src="passed.png" width="3%"/>
                        <a href="#" panel-name="suite-TestSuite1" title="selenium_tests.HeaderNavBarTests" class="method navigator-link" hash-for-method="headerNavBarNavigationFeature(Contact Us, /contact-us)">headerNavBarNavigationFeature(Contact Us, /contact-us)</a> <!-- method navigator-link -->
                      </span>
                      <br/>
                      <span>
                        <img src="passed.png" width="3%"/>
                        <a href="#" panel-name="suite-TestSuite1" title="selenium_tests.HeaderNavBarTests" class="method navigator-link" hash-for-method="headerNavBarNavigationFeature(Men, /product-category/men)">headerNavBarNavigationFeature(Men, /product-category/men)</a> <!-- method navigator-link -->
                      </span>
                      <br/>
                      <span>
                        <img src="passed.png" width="3%"/>
                        <a href="#" panel-name="suite-TestSuite1" title="selenium_tests.HeaderNavBarTests" class="method navigator-link" hash-for-method="menuItemsShouldHaveTexts">menuItemsShouldHaveTexts</a> <!-- method navigator-link -->
                      </span>
                      <br/>
                    </div> <!-- method-list-content passed suite-TestSuite1 -->
                  </li>
                </ul>
              </div> <!-- suite-section-content -->
            </div> <!-- result-section -->
          </div> <!-- navigator-suite-content -->
        </div> <!-- rounded-window -->
      </div> <!-- suite -->
    </div> <!-- navigator-root -->
    <div class="wrapper">
      <div class="main-panel-root">
        <div panel-name="suite-TestSuite1" class="panel TestSuite1">
          <div class="suite-TestSuite1-class-skipped">
            <div class="main-panel-header rounded-window-top">
              <img src="skipped.png"/>
              <span class="class-name">selenium_tests.CartPageTests</span>
            </div> <!-- main-panel-header rounded-window-top -->
            <div class="main-panel-content rounded-window-bottom">
              <div class="method">
                <div class="method-content">
                  <a name="expectErrorMessageIfEnteringInvalidCouponCode">
                  </a> <!-- expectErrorMessageIfEnteringInvalidCouponCode -->
                  <span class="method-name">expectErrorMessageIfEnteringInvalidCouponCode</span>
                  <div class="stack-trace">org.openqa.selenium.remote.http.ConnectionFailedException: Unable to establish websocket connection to http://localhost:51357/devtools/browser/11e185d8-beb0-4664-b12f-79b2cbbd5be3
Build info: version: &apos;4.7.2&apos;, revision: &apos;4d4020c3b7&apos;
System info: os.name: &apos;Mac OS X&apos;, os.arch: &apos;x86_64&apos;, os.version: &apos;13.1&apos;, java.version: &apos;19.0.1&apos;
Driver info: driver.version: ChromeDriver
	at org.openqa.selenium.remote.http.netty.NettyWebSocket.&lt;init&gt;(NettyWebSocket.java:102)
	at org.openqa.selenium.remote.http.netty.NettyWebSocket.lambda$create$3(NettyWebSocket.java:128)
	at org.openqa.selenium.remote.http.netty.NettyClient.openSocket(NettyClient.java:107)
	at org.openqa.selenium.devtools.Connection.&lt;init&gt;(Connection.java:78)
	at org.openqa.selenium.chromium.ChromiumDriver.lambda$new$2(ChromiumDriver.java:116)
	at java.base/java.util.Optional.map(Optional.java:260)
	at org.openqa.selenium.chromium.ChromiumDriver.&lt;init&gt;(ChromiumDriver.java:114)
	at org.openqa.selenium.chrome.ChromeDriver.&lt;init&gt;(ChromeDriver.java:82)
	at org.openqa.selenium.chrome.ChromeDriver.&lt;init&gt;(ChromeDriver.java:71)
	at selenium_tests.BaseTest.launchBrowser(BaseTest.java:48)
	at java.base/java.util.ArrayList.forEach(ArrayList.java:1511)
	at java.base/java.util.concurrent.FutureTask.run(FutureTask.java:317)
	at java.base/java.util.concurrent.ThreadPoolExecutor.runWorker(ThreadPoolExecutor.java:1144)
	at java.base/java.util.concurrent.ThreadPoolExecutor$Worker.run(ThreadPoolExecutor.java:642)
	at java.base/java.lang.Thread.run(Thread.java:1589)
... Removed 19 stack frames
</div> <!-- stack-trace -->
                </div> <!-- method-content -->
              </div> <!-- method -->
              <div class="method">
                <div class="method-content">
                  <a name="increaseItemQuantityFeature">
                  </a> <!-- increaseItemQuantityFeature -->
                  <span class="method-name">increaseItemQuantityFeature</span>
                  <div class="stack-trace">org.openqa.selenium.remote.http.ConnectionFailedException: Unable to establish websocket connection to http://localhost:51357/devtools/browser/11e185d8-beb0-4664-b12f-79b2cbbd5be3
Build info: version: &apos;4.7.2&apos;, revision: &apos;4d4020c3b7&apos;
System info: os.name: &apos;Mac OS X&apos;, os.arch: &apos;x86_64&apos;, os.version: &apos;13.1&apos;, java.version: &apos;19.0.1&apos;
Driver info: driver.version: ChromeDriver
	at org.openqa.selenium.remote.http.netty.NettyWebSocket.&lt;init&gt;(NettyWebSocket.java:102)
	at org.openqa.selenium.remote.http.netty.NettyWebSocket.lambda$create$3(NettyWebSocket.java:128)
	at org.openqa.selenium.remote.http.netty.NettyClient.openSocket(NettyClient.java:107)
	at org.openqa.selenium.devtools.Connection.&lt;init&gt;(Connection.java:78)
	at org.openqa.selenium.chromium.ChromiumDriver.lambda$new$2(ChromiumDriver.java:116)
	at java.base/java.util.Optional.map(Optional.java:260)
	at org.openqa.selenium.chromium.ChromiumDriver.&lt;init&gt;(ChromiumDriver.java:114)
	at org.openqa.selenium.chrome.ChromeDriver.&lt;init&gt;(ChromeDriver.java:82)
	at org.openqa.selenium.chrome.ChromeDriver.&lt;init&gt;(ChromeDriver.java:71)
	at selenium_tests.BaseTest.launchBrowser(BaseTest.java:48)
	at java.base/java.util.ArrayList.forEach(ArrayList.java:1511)
	at java.base/java.util.concurrent.FutureTask.run(FutureTask.java:317)
	at java.base/java.util.concurrent.ThreadPoolExecutor.runWorker(ThreadPoolExecutor.java:1144)
	at java.base/java.util.concurrent.ThreadPoolExecutor$Worker.run(ThreadPoolExecutor.java:642)
	at java.base/java.lang.Thread.run(Thread.java:1589)
... Removed 19 stack frames
</div> <!-- stack-trace -->
                </div> <!-- method-content -->
              </div> <!-- method -->
              <div class="method">
                <div class="method-content">
                  <a name="removeAndRestoreItemsFromCartFeature">
                  </a> <!-- removeAndRestoreItemsFromCartFeature -->
                  <span class="method-name">removeAndRestoreItemsFromCartFeature</span>
                  <div class="stack-trace">org.openqa.selenium.remote.http.ConnectionFailedException: Unable to establish websocket connection to http://localhost:51357/devtools/browser/11e185d8-beb0-4664-b12f-79b2cbbd5be3
Build info: version: &apos;4.7.2&apos;, revision: &apos;4d4020c3b7&apos;
System info: os.name: &apos;Mac OS X&apos;, os.arch: &apos;x86_64&apos;, os.version: &apos;13.1&apos;, java.version: &apos;19.0.1&apos;
Driver info: driver.version: ChromeDriver
	at org.openqa.selenium.remote.http.netty.NettyWebSocket.&lt;init&gt;(NettyWebSocket.java:102)
	at org.openqa.selenium.remote.http.netty.NettyWebSocket.lambda$create$3(NettyWebSocket.java:128)
	at org.openqa.selenium.remote.http.netty.NettyClient.openSocket(NettyClient.java:107)
	at org.openqa.selenium.devtools.Connection.&lt;init&gt;(Connection.java:78)
	at org.openqa.selenium.chromium.ChromiumDriver.lambda$new$2(ChromiumDriver.java:116)
	at java.base/java.util.Optional.map(Optional.java:260)
	at org.openqa.selenium.chromium.ChromiumDriver.&lt;init&gt;(ChromiumDriver.java:114)
	at org.openqa.selenium.chrome.ChromeDriver.&lt;init&gt;(ChromeDriver.java:82)
	at org.openqa.selenium.chrome.ChromeDriver.&lt;init&gt;(ChromeDriver.java:71)
	at selenium_tests.BaseTest.launchBrowser(BaseTest.java:48)
	at java.base/java.util.ArrayList.forEach(ArrayList.java:1511)
	at java.base/java.util.concurrent.FutureTask.run(FutureTask.java:317)
	at java.base/java.util.concurrent.ThreadPoolExecutor.runWorker(ThreadPoolExecutor.java:1144)
	at java.base/java.util.concurrent.ThreadPoolExecutor$Worker.run(ThreadPoolExecutor.java:642)
	at java.base/java.lang.Thread.run(Thread.java:1589)
... Removed 19 stack frames
</div> <!-- stack-trace -->
                </div> <!-- method-content -->
              </div> <!-- method -->
            </div> <!-- main-panel-content rounded-window-bottom -->
          </div> <!-- suite-TestSuite1-class-skipped -->
          <div class="suite-TestSuite1-class-skipped">
            <div class="main-panel-header rounded-window-top">
              <img src="skipped.png"/>
              <span class="class-name">selenium_tests.StorePageTests</span>
            </div> <!-- main-panel-header rounded-window-top -->
            <div class="main-panel-content rounded-window-bottom">
              <div class="method">
                <div class="method-content">
                  <a name="addProductToCartFeature">
                  </a> <!-- addProductToCartFeature -->
                  <span class="method-name">addProductToCartFeature</span>
                  <div class="stack-trace">org.openqa.selenium.remote.http.ConnectionFailedException: Unable to establish websocket connection to http://localhost:51276/devtools/browser/42a669b2-97b8-4e41-994f-6549316d01a2
Build info: version: &apos;4.7.2&apos;, revision: &apos;4d4020c3b7&apos;
System info: os.name: &apos;Mac OS X&apos;, os.arch: &apos;x86_64&apos;, os.version: &apos;13.1&apos;, java.version: &apos;19.0.1&apos;
Driver info: driver.version: ChromeDriver
	at org.openqa.selenium.remote.http.netty.NettyWebSocket.&lt;init&gt;(NettyWebSocket.java:102)
	at org.openqa.selenium.remote.http.netty.NettyWebSocket.lambda$create$3(NettyWebSocket.java:128)
	at org.openqa.selenium.remote.http.netty.NettyClient.openSocket(NettyClient.java:107)
	at org.openqa.selenium.devtools.Connection.&lt;init&gt;(Connection.java:78)
	at org.openqa.selenium.chromium.ChromiumDriver.lambda$new$2(ChromiumDriver.java:116)
	at java.base/java.util.Optional.map(Optional.java:260)
	at org.openqa.selenium.chromium.ChromiumDriver.&lt;init&gt;(ChromiumDriver.java:114)
	at org.openqa.selenium.chrome.ChromeDriver.&lt;init&gt;(ChromeDriver.java:82)
	at org.openqa.selenium.chrome.ChromeDriver.&lt;init&gt;(ChromeDriver.java:71)
	at selenium_tests.BaseTest.launchBrowser(BaseTest.java:48)
	at java.base/java.util.ArrayList.forEach(ArrayList.java:1511)
	at java.base/java.util.concurrent.FutureTask.run(FutureTask.java:317)
	at java.base/java.util.concurrent.ThreadPoolExecutor.runWorker(ThreadPoolExecutor.java:1144)
	at java.base/java.util.concurrent.ThreadPoolExecutor$Worker.run(ThreadPoolExecutor.java:642)
	at java.base/java.lang.Thread.run(Thread.java:1589)
... Removed 19 stack frames
</div> <!-- stack-trace -->
                </div> <!-- method-content -->
              </div> <!-- method -->
              <div class="method">
                <div class="method-content">
                  <a name="addToCartButtonsShouldHaveVisibleText">
                  </a> <!-- addToCartButtonsShouldHaveVisibleText -->
                  <span class="method-name">addToCartButtonsShouldHaveVisibleText</span>
                  <div class="stack-trace">org.openqa.selenium.remote.http.ConnectionFailedException: Unable to establish websocket connection to http://localhost:51300/devtools/browser/475cf409-2562-4554-865c-922ba0b9f291
Build info: version: &apos;4.7.2&apos;, revision: &apos;4d4020c3b7&apos;
System info: os.name: &apos;Mac OS X&apos;, os.arch: &apos;x86_64&apos;, os.version: &apos;13.1&apos;, java.version: &apos;19.0.1&apos;
Driver info: driver.version: ChromeDriver
	at org.openqa.selenium.remote.http.netty.NettyWebSocket.&lt;init&gt;(NettyWebSocket.java:102)
	at org.openqa.selenium.remote.http.netty.NettyWebSocket.lambda$create$3(NettyWebSocket.java:128)
	at org.openqa.selenium.remote.http.netty.NettyClient.openSocket(NettyClient.java:107)
	at org.openqa.selenium.devtools.Connection.&lt;init&gt;(Connection.java:78)
	at org.openqa.selenium.chromium.ChromiumDriver.lambda$new$2(ChromiumDriver.java:116)
	at java.base/java.util.Optional.map(Optional.java:260)
	at org.openqa.selenium.chromium.ChromiumDriver.&lt;init&gt;(ChromiumDriver.java:114)
	at org.openqa.selenium.chrome.ChromeDriver.&lt;init&gt;(ChromeDriver.java:82)
	at org.openqa.selenium.chrome.ChromeDriver.&lt;init&gt;(ChromeDriver.java:71)
	at selenium_tests.BaseTest.launchBrowser(BaseTest.java:48)
	at java.base/java.util.ArrayList.forEach(ArrayList.java:1511)
	at java.base/java.util.concurrent.FutureTask.run(FutureTask.java:317)
	at java.base/java.util.concurrent.ThreadPoolExecutor.runWorker(ThreadPoolExecutor.java:1144)
	at java.base/java.util.concurrent.ThreadPoolExecutor$Worker.run(ThreadPoolExecutor.java:642)
	at java.base/java.lang.Thread.run(Thread.java:1589)
... Removed 19 stack frames
</div> <!-- stack-trace -->
                </div> <!-- method-content -->
              </div> <!-- method -->
              <div class="method">
                <div class="method-content">
                  <a name="browseByCategoryFeature">
                  </a> <!-- browseByCategoryFeature -->
                  <span class="method-name">browseByCategoryFeature</span>
                  <div class="stack-trace">java.lang.NullPointerException: Cannot invoke &quot;org.openqa.selenium.WebDriver.close()&quot; because the return value of &quot;selenium_tests.BaseTest.getDriver()&quot; is null
	at selenium_tests.BaseTest.tearDown(BaseTest.java:82)
	at java.base/java.util.ArrayList.forEach(ArrayList.java:1511)
	at java.base/java.util.concurrent.FutureTask.run(FutureTask.java:317)
	at java.base/java.util.concurrent.ThreadPoolExecutor.runWorker(ThreadPoolExecutor.java:1144)
	at java.base/java.util.concurrent.ThreadPoolExecutor$Worker.run(ThreadPoolExecutor.java:642)
	at java.base/java.lang.Thread.run(Thread.java:1589)
... Removed 20 stack frames
</div> <!-- stack-trace -->
                </div> <!-- method-content -->
              </div> <!-- method -->
              <div class="method">
                <div class="method-content">
                  <a name="noItemsInCartWidgetFeature">
                  </a> <!-- noItemsInCartWidgetFeature -->
                  <span class="method-name">noItemsInCartWidgetFeature</span>
                  <div class="stack-trace">java.lang.NullPointerException: Cannot invoke &quot;org.openqa.selenium.WebDriver.close()&quot; because the return value of &quot;selenium_tests.BaseTest.getDriver()&quot; is null
	at selenium_tests.BaseTest.tearDown(BaseTest.java:82)
	at java.base/java.util.ArrayList.forEach(ArrayList.java:1511)
	at java.base/java.util.concurrent.FutureTask.run(FutureTask.java:317)
	at java.base/java.util.concurrent.ThreadPoolExecutor.runWorker(ThreadPoolExecutor.java:1144)
	at java.base/java.util.concurrent.ThreadPoolExecutor$Worker.run(ThreadPoolExecutor.java:642)
	at java.base/java.lang.Thread.run(Thread.java:1589)
... Removed 20 stack frames
</div> <!-- stack-trace -->
                </div> <!-- method-content -->
              </div> <!-- method -->
              <div class="method">
                <div class="method-content">
                  <a name="searchFeature">
                  </a> <!-- searchFeature -->
                  <span class="method-name">searchFeature</span>
                  <div class="stack-trace">java.lang.NullPointerException: Cannot invoke &quot;org.openqa.selenium.WebDriver.close()&quot; because the return value of &quot;selenium_tests.BaseTest.getDriver()&quot; is null
	at selenium_tests.BaseTest.tearDown(BaseTest.java:82)
	at java.base/java.util.ArrayList.forEach(ArrayList.java:1511)
	at java.base/java.util.concurrent.FutureTask.run(FutureTask.java:317)
	at java.base/java.util.concurrent.ThreadPoolExecutor.runWorker(ThreadPoolExecutor.java:1144)
	at java.base/java.util.concurrent.ThreadPoolExecutor$Worker.run(ThreadPoolExecutor.java:642)
	at java.base/java.lang.Thread.run(Thread.java:1589)
... Removed 20 stack frames
</div> <!-- stack-trace -->
                </div> <!-- method-content -->
              </div> <!-- method -->
              <div class="method">
                <div class="method-content">
                  <a name="sortProductsFeature">
                  </a> <!-- sortProductsFeature -->
                  <span class="method-name">sortProductsFeature</span>
                  <div class="stack-trace">java.lang.NullPointerException: Cannot invoke &quot;org.openqa.selenium.WebDriver.close()&quot; because the return value of &quot;selenium_tests.BaseTest.getDriver()&quot; is null
	at selenium_tests.BaseTest.tearDown(BaseTest.java:82)
	at java.base/java.util.ArrayList.forEach(ArrayList.java:1511)
	at java.base/java.util.concurrent.FutureTask.run(FutureTask.java:317)
	at java.base/java.util.concurrent.ThreadPoolExecutor.runWorker(ThreadPoolExecutor.java:1144)
	at java.base/java.util.concurrent.ThreadPoolExecutor$Worker.run(ThreadPoolExecutor.java:642)
	at java.base/java.lang.Thread.run(Thread.java:1589)
... Removed 20 stack frames
</div> <!-- stack-trace -->
                </div> <!-- method-content -->
              </div> <!-- method -->
            </div> <!-- main-panel-content rounded-window-bottom -->
          </div> <!-- suite-TestSuite1-class-skipped -->
          <div class="suite-TestSuite1-class-skipped">
            <div class="main-panel-header rounded-window-top">
              <img src="skipped.png"/>
              <span class="class-name">selenium_tests.HomePageTests</span>
            </div> <!-- main-panel-header rounded-window-top -->
            <div class="main-panel-content rounded-window-bottom">
              <div class="method">
                <div class="method-content">
                  <a name="addFeaturedProductsToCart">
                  </a> <!-- addFeaturedProductsToCart -->
                  <span class="method-name">addFeaturedProductsToCart</span>
                  <div class="stack-trace">org.openqa.selenium.remote.http.ConnectionFailedException: Unable to establish websocket connection to http://localhost:51277/devtools/browser/e5f06579-3cc8-4555-8e2e-a154f86e7c47
Build info: version: &apos;4.7.2&apos;, revision: &apos;4d4020c3b7&apos;
System info: os.name: &apos;Mac OS X&apos;, os.arch: &apos;x86_64&apos;, os.version: &apos;13.1&apos;, java.version: &apos;19.0.1&apos;
Driver info: driver.version: ChromeDriver
	at org.openqa.selenium.remote.http.netty.NettyWebSocket.&lt;init&gt;(NettyWebSocket.java:102)
	at org.openqa.selenium.remote.http.netty.NettyWebSocket.lambda$create$3(NettyWebSocket.java:128)
	at org.openqa.selenium.remote.http.netty.NettyClient.openSocket(NettyClient.java:107)
	at org.openqa.selenium.devtools.Connection.&lt;init&gt;(Connection.java:78)
	at org.openqa.selenium.chromium.ChromiumDriver.lambda$new$2(ChromiumDriver.java:116)
	at java.base/java.util.Optional.map(Optional.java:260)
	at org.openqa.selenium.chromium.ChromiumDriver.&lt;init&gt;(ChromiumDriver.java:114)
	at org.openqa.selenium.chrome.ChromeDriver.&lt;init&gt;(ChromeDriver.java:82)
	at org.openqa.selenium.chrome.ChromeDriver.&lt;init&gt;(ChromeDriver.java:71)
	at selenium_tests.BaseTest.launchBrowser(BaseTest.java:48)
	at java.base/java.util.ArrayList.forEach(ArrayList.java:1511)
	at java.base/java.util.concurrent.FutureTask.run(FutureTask.java:317)
	at java.base/java.util.concurrent.ThreadPoolExecutor.runWorker(ThreadPoolExecutor.java:1144)
	at java.base/java.util.concurrent.ThreadPoolExecutor$Worker.run(ThreadPoolExecutor.java:642)
	at java.base/java.lang.Thread.run(Thread.java:1589)
... Removed 19 stack frames
</div> <!-- stack-trace -->
                </div> <!-- method-content -->
              </div> <!-- method -->
              <div class="method">
                <div class="method-content">
                  <a name="commercialInfoToBeVisible">
                  </a> <!-- commercialInfoToBeVisible -->
                  <span class="method-name">commercialInfoToBeVisible</span>
                  <div class="stack-trace">java.lang.NullPointerException: Cannot invoke &quot;org.openqa.selenium.WebDriver.close()&quot; because the return value of &quot;selenium_tests.BaseTest.getDriver()&quot; is null
	at selenium_tests.BaseTest.tearDown(BaseTest.java:82)
	at java.base/java.util.ArrayList.forEach(ArrayList.java:1511)
	at java.base/java.util.concurrent.FutureTask.run(FutureTask.java:317)
	at java.base/java.util.concurrent.ThreadPoolExecutor.runWorker(ThreadPoolExecutor.java:1144)
	at java.base/java.util.concurrent.ThreadPoolExecutor$Worker.run(ThreadPoolExecutor.java:642)
	at java.base/java.lang.Thread.run(Thread.java:1589)
... Removed 20 stack frames
</div> <!-- stack-trace -->
                </div> <!-- method-content -->
              </div> <!-- method -->
              <div class="method">
                <div class="method-content">
                  <a name="featuredProductsToBeVisible">
                  </a> <!-- featuredProductsToBeVisible -->
                  <span class="method-name">featuredProductsToBeVisible</span>
                  <div class="stack-trace">java.lang.NullPointerException: Cannot invoke &quot;org.openqa.selenium.WebDriver.close()&quot; because the return value of &quot;selenium_tests.BaseTest.getDriver()&quot; is null
	at selenium_tests.BaseTest.tearDown(BaseTest.java:82)
	at java.base/java.util.ArrayList.forEach(ArrayList.java:1511)
	at java.base/java.util.concurrent.FutureTask.run(FutureTask.java:317)
	at java.base/java.util.concurrent.ThreadPoolExecutor.runWorker(ThreadPoolExecutor.java:1144)
	at java.base/java.util.concurrent.ThreadPoolExecutor$Worker.run(ThreadPoolExecutor.java:642)
	at java.base/java.lang.Thread.run(Thread.java:1589)
... Removed 20 stack frames
</div> <!-- stack-trace -->
                </div> <!-- method-content -->
              </div> <!-- method -->
              <div class="method">
                <div class="method-content">
                  <a name="findMoreButtonNavigation">
                  </a> <!-- findMoreButtonNavigation -->
                  <span class="method-name">findMoreButtonNavigation</span>
                  <div class="stack-trace">java.lang.NullPointerException: Cannot invoke &quot;org.openqa.selenium.WebDriver.close()&quot; because the return value of &quot;selenium_tests.BaseTest.getDriver()&quot; is null
	at selenium_tests.BaseTest.tearDown(BaseTest.java:82)
	at java.base/java.util.ArrayList.forEach(ArrayList.java:1511)
	at java.base/java.util.concurrent.FutureTask.run(FutureTask.java:317)
	at java.base/java.util.concurrent.ThreadPoolExecutor.runWorker(ThreadPoolExecutor.java:1144)
	at java.base/java.util.concurrent.ThreadPoolExecutor$Worker.run(ThreadPoolExecutor.java:642)
	at java.base/java.lang.Thread.run(Thread.java:1589)
... Removed 20 stack frames
</div> <!-- stack-trace -->
                </div> <!-- method-content -->
              </div> <!-- method -->
            </div> <!-- main-panel-content rounded-window-bottom -->
          </div> <!-- suite-TestSuite1-class-skipped -->
          <div class="suite-TestSuite1-class-skipped">
            <div class="main-panel-header rounded-window-top">
              <img src="skipped.png"/>
              <span class="class-name">selenium_tests.CheckoutPageTests</span>
            </div> <!-- main-panel-header rounded-window-top -->
            <div class="main-panel-content rounded-window-bottom">
              <div class="method">
                <div class="method-content">
                  <a name="createAnAccountFormFeature">
                  </a> <!-- createAnAccountFormFeature -->
                  <span class="method-name">createAnAccountFormFeature</span>
                  <div class="stack-trace">org.openqa.selenium.remote.http.ConnectionFailedException: Unable to establish websocket connection to http://localhost:51412/devtools/browser/b7aaf8b8-fbdf-45f6-90ae-c2b72c5f56f5
Build info: version: &apos;4.7.2&apos;, revision: &apos;4d4020c3b7&apos;
System info: os.name: &apos;Mac OS X&apos;, os.arch: &apos;x86_64&apos;, os.version: &apos;13.1&apos;, java.version: &apos;19.0.1&apos;
Driver info: driver.version: ChromeDriver
	at org.openqa.selenium.remote.http.netty.NettyWebSocket.&lt;init&gt;(NettyWebSocket.java:102)
	at org.openqa.selenium.remote.http.netty.NettyWebSocket.lambda$create$3(NettyWebSocket.java:128)
	at org.openqa.selenium.remote.http.netty.NettyClient.openSocket(NettyClient.java:107)
	at org.openqa.selenium.devtools.Connection.&lt;init&gt;(Connection.java:78)
	at org.openqa.selenium.chromium.ChromiumDriver.lambda$new$2(ChromiumDriver.java:116)
	at java.base/java.util.Optional.map(Optional.java:260)
	at org.openqa.selenium.chromium.ChromiumDriver.&lt;init&gt;(ChromiumDriver.java:114)
	at org.openqa.selenium.chrome.ChromeDriver.&lt;init&gt;(ChromeDriver.java:82)
	at org.openqa.selenium.chrome.ChromeDriver.&lt;init&gt;(ChromeDriver.java:71)
	at selenium_tests.BaseTest.launchBrowser(BaseTest.java:48)
	at java.base/java.util.ArrayList.forEach(ArrayList.java:1511)
	at java.base/java.util.concurrent.FutureTask.run(FutureTask.java:317)
	at java.base/java.util.concurrent.ThreadPoolExecutor.runWorker(ThreadPoolExecutor.java:1144)
	at java.base/java.util.concurrent.ThreadPoolExecutor$Worker.run(ThreadPoolExecutor.java:642)
	at java.base/java.lang.Thread.run(Thread.java:1589)
... Removed 19 stack frames
</div> <!-- stack-trace -->
                </div> <!-- method-content -->
              </div> <!-- method -->
              <div class="method">
                <div class="method-content">
                  <a name="requiredFieldsFeature">
                  </a> <!-- requiredFieldsFeature -->
                  <span class="method-name">requiredFieldsFeature</span>
                  <div class="stack-trace">java.lang.NullPointerException: Cannot invoke &quot;org.openqa.selenium.WebDriver.close()&quot; because the return value of &quot;selenium_tests.BaseTest.getDriver()&quot; is null
	at selenium_tests.BaseTest.tearDown(BaseTest.java:82)
	at java.base/java.util.ArrayList.forEach(ArrayList.java:1511)
	at java.base/java.util.concurrent.FutureTask.run(FutureTask.java:317)
	at java.base/java.util.concurrent.ThreadPoolExecutor.runWorker(ThreadPoolExecutor.java:1144)
	at java.base/java.util.concurrent.ThreadPoolExecutor$Worker.run(ThreadPoolExecutor.java:642)
	at java.base/java.lang.Thread.run(Thread.java:1589)
... Removed 20 stack frames
</div> <!-- stack-trace -->
                </div> <!-- method-content -->
              </div> <!-- method -->
              <div class="method">
                <div class="method-content">
                  <a name="shipToADifferentAddressFeature">
                  </a> <!-- shipToADifferentAddressFeature -->
                  <span class="method-name">shipToADifferentAddressFeature</span>
                  <div class="stack-trace">java.lang.NullPointerException: Cannot invoke &quot;org.openqa.selenium.WebDriver.close()&quot; because the return value of &quot;selenium_tests.BaseTest.getDriver()&quot; is null
	at selenium_tests.BaseTest.tearDown(BaseTest.java:82)
	at java.base/java.util.ArrayList.forEach(ArrayList.java:1511)
	at java.base/java.util.concurrent.FutureTask.run(FutureTask.java:317)
	at java.base/java.util.concurrent.ThreadPoolExecutor.runWorker(ThreadPoolExecutor.java:1144)
	at java.base/java.util.concurrent.ThreadPoolExecutor$Worker.run(ThreadPoolExecutor.java:642)
	at java.base/java.lang.Thread.run(Thread.java:1589)
... Removed 20 stack frames
</div> <!-- stack-trace -->
                </div> <!-- method-content -->
              </div> <!-- method -->
              <div class="method">
                <div class="method-content">
                  <a name="thePlaceOrderButtonShouldHaveVisibleText">
                  </a> <!-- thePlaceOrderButtonShouldHaveVisibleText -->
                  <span class="method-name">thePlaceOrderButtonShouldHaveVisibleText</span>
                  <div class="stack-trace">java.lang.NullPointerException: Cannot invoke &quot;org.openqa.selenium.WebDriver.close()&quot; because the return value of &quot;selenium_tests.BaseTest.getDriver()&quot; is null
	at selenium_tests.BaseTest.tearDown(BaseTest.java:82)
	at java.base/java.util.ArrayList.forEach(ArrayList.java:1511)
	at java.base/java.util.concurrent.FutureTask.run(FutureTask.java:317)
	at java.base/java.util.concurrent.ThreadPoolExecutor.runWorker(ThreadPoolExecutor.java:1144)
	at java.base/java.util.concurrent.ThreadPoolExecutor$Worker.run(ThreadPoolExecutor.java:642)
	at java.base/java.lang.Thread.run(Thread.java:1589)
... Removed 20 stack frames
</div> <!-- stack-trace -->
                </div> <!-- method-content -->
              </div> <!-- method -->
            </div> <!-- main-panel-content rounded-window-bottom -->
          </div> <!-- suite-TestSuite1-class-skipped -->
          <div class="suite-TestSuite1-class-passed">
            <div class="main-panel-header rounded-window-top">
              <img src="passed.png"/>
              <span class="class-name">selenium_tests.e2e</span>
            </div> <!-- main-panel-header rounded-window-top -->
            <div class="main-panel-content rounded-window-bottom">
              <div class="method">
                <div class="method-content">
                  <a name="endToEndBuyADifferentProduct">
                  </a> <!-- endToEndBuyADifferentProduct -->
                  <span class="method-name">endToEndBuyADifferentProduct</span>
                </div> <!-- method-content -->
              </div> <!-- method -->
              <div class="method">
                <div class="method-content">
                  <a name="endToEndBuyAProduct">
                  </a> <!-- endToEndBuyAProduct -->
                  <span class="method-name">endToEndBuyAProduct</span>
                </div> <!-- method-content -->
              </div> <!-- method -->
            </div> <!-- main-panel-content rounded-window-bottom -->
          </div> <!-- suite-TestSuite1-class-passed -->
          <div class="suite-TestSuite1-class-passed">
            <div class="main-panel-header rounded-window-top">
              <img src="passed.png"/>
              <span class="class-name">selenium_tests.HeaderNavBarTests</span>
            </div> <!-- main-panel-header rounded-window-top -->
            <div class="main-panel-content rounded-window-bottom">
              <div class="method">
                <div class="method-content">
                  <a name="headerNavBarNavigationFeature(Home, /)">
                  </a> <!-- headerNavBarNavigationFeature(Home, /) -->
                  <span class="method-name">headerNavBarNavigationFeature</span>
                  <span class="parameters">(Home,/)</span>
                </div> <!-- method-content -->
              </div> <!-- method -->
              <div class="method">
                <div class="method-content">
                  <a name="headerNavBarNavigationFeature(Account, /account)">
                  </a> <!-- headerNavBarNavigationFeature(Account, /account) -->
                  <span class="method-name">headerNavBarNavigationFeature</span>
                  <span class="parameters">(Account,/account)</span>
                </div> <!-- method-content -->
              </div> <!-- method -->
              <div class="method">
                <div class="method-content">
                  <a name="headerNavBarNavigationFeature(Store, /store)">
                  </a> <!-- headerNavBarNavigationFeature(Store, /store) -->
                  <span class="method-name">headerNavBarNavigationFeature</span>
                  <span class="parameters">(Store,/store)</span>
                </div> <!-- method-content -->
              </div> <!-- method -->
              <div class="method">
                <div class="method-content">
                  <a name="headerNavBarNavigationFeature(Women, /product-category/women)">
                  </a> <!-- headerNavBarNavigationFeature(Women, /product-category/women) -->
                  <span class="method-name">headerNavBarNavigationFeature</span>
                  <span class="parameters">(Women,/product-category/women)</span>
                </div> <!-- method-content -->
              </div> <!-- method -->
              <div class="method">
                <div class="method-content">
                  <a name="headerNavBarNavigationFeature(About, /about)">
                  </a> <!-- headerNavBarNavigationFeature(About, /about) -->
                  <span class="method-name">headerNavBarNavigationFeature</span>
                  <span class="parameters">(About,/about)</span>
                </div> <!-- method-content -->
              </div> <!-- method -->
              <div class="method">
                <div class="method-content">
                  <a name="headerNavBarNavigationFeature(Accessories, /product-category/accessories)">
                  </a> <!-- headerNavBarNavigationFeature(Accessories, /product-category/accessories) -->
                  <span class="method-name">headerNavBarNavigationFeature</span>
                  <span class="parameters">(Accessories,/product-category/accessories)</span>
                </div> <!-- method-content -->
              </div> <!-- method -->
              <div class="method">
                <div class="method-content">
                  <a name="headerNavBarNavigationFeature(Contact Us, /contact-us)">
                  </a> <!-- headerNavBarNavigationFeature(Contact Us, /contact-us) -->
                  <span class="method-name">headerNavBarNavigationFeature</span>
                  <span class="parameters">(Contact Us,/contact-us)</span>
                </div> <!-- method-content -->
              </div> <!-- method -->
              <div class="method">
                <div class="method-content">
                  <a name="headerNavBarNavigationFeature(Men, /product-category/men)">
                  </a> <!-- headerNavBarNavigationFeature(Men, /product-category/men) -->
                  <span class="method-name">headerNavBarNavigationFeature</span>
                  <span class="parameters">(Men,/product-category/men)</span>
                </div> <!-- method-content -->
              </div> <!-- method -->
              <div class="method">
                <div class="method-content">
                  <a name="menuItemsShouldHaveTexts">
                  </a> <!-- menuItemsShouldHaveTexts -->
                  <span class="method-name">menuItemsShouldHaveTexts</span>
                </div> <!-- method-content -->
              </div> <!-- method -->
            </div> <!-- main-panel-content rounded-window-bottom -->
          </div> <!-- suite-TestSuite1-class-passed -->
        </div> <!-- panel TestSuite1 -->
        <div panel-name="test-xml-TestSuite1" class="panel">
          <div class="main-panel-header rounded-window-top">
            <span class="header-content">/Users/oscarferlin/Desktop/automation/portfolio/Selenium_Java/Selenium_Java_Framework/testng.yaml</span>
          </div> <!-- main-panel-header rounded-window-top -->
          <div class="main-panel-content rounded-window-bottom">
            <pre>
&lt;?xml version=&quot;1.0&quot; encoding=&quot;UTF-8&quot;?&gt;
&lt;!DOCTYPE suite SYSTEM &quot;https://testng.org/testng-1.0.dtd&quot;&gt;
&lt;suite thread-count=&quot;4&quot; parallel=&quot;tests&quot; name=&quot;TestSuite1&quot; verbose=&quot;0&quot;&gt;
  &lt;listeners&gt;
    &lt;listener class-name=&quot;utilities.GlobalRetryAnnotater&quot;/&gt;
  &lt;/listeners&gt;
  &lt;test thread-count=&quot;4&quot; parallel=&quot;tests&quot; name=&quot;Home page tests&quot; verbose=&quot;0&quot;&gt;
    &lt;parameter name=&quot;browser&quot; value=&quot;chrome&quot;/&gt;
    &lt;classes&gt;
      &lt;class name=&quot;selenium_tests.HomePageTests&quot;/&gt;
    &lt;/classes&gt;
  &lt;/test&gt; &lt;!-- Home page tests --&gt;
  &lt;test thread-count=&quot;4&quot; parallel=&quot;tests&quot; name=&quot;Store page tests&quot; verbose=&quot;0&quot;&gt;
    &lt;parameter name=&quot;browser&quot; value=&quot;chrome&quot;/&gt;
    &lt;classes&gt;
      &lt;class name=&quot;selenium_tests.StorePageTests&quot;/&gt;
    &lt;/classes&gt;
  &lt;/test&gt; &lt;!-- Store page tests --&gt;
  &lt;test thread-count=&quot;4&quot; parallel=&quot;tests&quot; name=&quot;e2e tests&quot; verbose=&quot;0&quot;&gt;
    &lt;parameter name=&quot;browser&quot; value=&quot;firefox&quot;/&gt;
    &lt;classes&gt;
      &lt;class name=&quot;selenium_tests.e2e&quot;/&gt;
    &lt;/classes&gt;
  &lt;/test&gt; &lt;!-- e2e tests --&gt;
  &lt;test thread-count=&quot;4&quot; parallel=&quot;tests&quot; name=&quot;Header navigation bar tests&quot; verbose=&quot;0&quot;&gt;
    &lt;parameter name=&quot;browser&quot; value=&quot;firefox&quot;/&gt;
    &lt;classes&gt;
      &lt;class name=&quot;selenium_tests.HeaderNavBarTests&quot;/&gt;
    &lt;/classes&gt;
  &lt;/test&gt; &lt;!-- Header navigation bar tests --&gt;
  &lt;test thread-count=&quot;4&quot; parallel=&quot;tests&quot; name=&quot;Cart page tests&quot; verbose=&quot;0&quot;&gt;
    &lt;parameter name=&quot;browser&quot; value=&quot;chrome&quot;/&gt;
    &lt;classes&gt;
      &lt;class name=&quot;selenium_tests.CartPageTests&quot;/&gt;
    &lt;/classes&gt;
  &lt;/test&gt; &lt;!-- Cart page tests --&gt;
  &lt;test thread-count=&quot;4&quot; parallel=&quot;tests&quot; name=&quot;Checkout page tests&quot; verbose=&quot;0&quot;&gt;
    &lt;parameter name=&quot;browser&quot; value=&quot;chrome&quot;/&gt;
    &lt;classes&gt;
      &lt;class name=&quot;selenium_tests.CheckoutPageTests&quot;/&gt;
    &lt;/classes&gt;
  &lt;/test&gt; &lt;!-- Checkout page tests --&gt;
&lt;/suite&gt; &lt;!-- TestSuite1 --&gt;
            </pre>
          </div> <!-- main-panel-content rounded-window-bottom -->
        </div> <!-- panel -->
        <div panel-name="testlist-TestSuite1" class="panel">
          <div class="main-panel-header rounded-window-top">
            <span class="header-content">Tests for TestSuite1</span>
          </div> <!-- main-panel-header rounded-window-top -->
          <div class="main-panel-content rounded-window-bottom">
            <ul>
              <li>
                <span class="test-name">Home page tests (1 class)</span>
              </li>
              <li>
                <span class="test-name">Store page tests (1 class)</span>
              </li>
              <li>
                <span class="test-name">e2e tests (1 class)</span>
              </li>
              <li>
                <span class="test-name">Header navigation bar tests (1 class)</span>
              </li>
              <li>
                <span class="test-name">Cart page tests (1 class)</span>
              </li>
              <li>
                <span class="test-name">Checkout page tests (1 class)</span>
              </li>
            </ul>
          </div> <!-- main-panel-content rounded-window-bottom -->
        </div> <!-- panel -->
        <div panel-name="group-TestSuite1" class="panel">
          <div class="main-panel-header rounded-window-top">
            <span class="header-content">Groups for TestSuite1</span>
          </div> <!-- main-panel-header rounded-window-top -->
          <div class="main-panel-content rounded-window-bottom">
          </div> <!-- main-panel-content rounded-window-bottom -->
        </div> <!-- panel -->
        <div panel-name="times-TestSuite1" class="panel">
          <div class="main-panel-header rounded-window-top">
            <span class="header-content">Times for TestSuite1</span>
          </div> <!-- main-panel-header rounded-window-top -->
          <div class="main-panel-content rounded-window-bottom">
            <div class="times-div">
              <script type="text/javascript">
suiteTableInitFunctions.push('tableData_TestSuite1');
function tableData_TestSuite1() {
var data = new google.visualization.DataTable();
data.addColumn('number', 'Number');
data.addColumn('string', 'Method');
data.addColumn('string', 'Class');
data.addColumn('number', 'Time (ms)');
data.addRows(28);
data.setCell(0, 0, 0)
data.setCell(0, 1, 'endToEndBuyAProduct')
data.setCell(0, 2, 'selenium_tests.e2e')
data.setCell(0, 3, 12764);
data.setCell(1, 0, 1)
data.setCell(1, 1, 'endToEndBuyADifferentProduct')
data.setCell(1, 2, 'selenium_tests.e2e')
data.setCell(1, 3, 11704);
data.setCell(2, 0, 2)
data.setCell(2, 1, 'headerNavBarNavigationFeature')
data.setCell(2, 2, 'selenium_tests.HeaderNavBarTests')
data.setCell(2, 3, 2524);
data.setCell(3, 0, 3)
data.setCell(3, 1, 'headerNavBarNavigationFeature')
data.setCell(3, 2, 'selenium_tests.HeaderNavBarTests')
data.setCell(3, 3, 2134);
data.setCell(4, 0, 4)
data.setCell(4, 1, 'headerNavBarNavigationFeature')
data.setCell(4, 2, 'selenium_tests.HeaderNavBarTests')
data.setCell(4, 3, 1821);
data.setCell(5, 0, 5)
data.setCell(5, 1, 'headerNavBarNavigationFeature')
data.setCell(5, 2, 'selenium_tests.HeaderNavBarTests')
data.setCell(5, 3, 1777);
data.setCell(6, 0, 6)
data.setCell(6, 1, 'headerNavBarNavigationFeature')
data.setCell(6, 2, 'selenium_tests.HeaderNavBarTests')
data.setCell(6, 3, 1687);
data.setCell(7, 0, 7)
data.setCell(7, 1, 'headerNavBarNavigationFeature')
data.setCell(7, 2, 'selenium_tests.HeaderNavBarTests')
data.setCell(7, 3, 1619);
data.setCell(8, 0, 8)
data.setCell(8, 1, 'headerNavBarNavigationFeature')
data.setCell(8, 2, 'selenium_tests.HeaderNavBarTests')
data.setCell(8, 3, 1326);
data.setCell(9, 0, 9)
data.setCell(9, 1, 'menuItemsShouldHaveTexts')
data.setCell(9, 2, 'selenium_tests.HeaderNavBarTests')
data.setCell(9, 3, 828);
data.setCell(10, 0, 10)
data.setCell(10, 1, 'headerNavBarNavigationFeature')
data.setCell(10, 2, 'selenium_tests.HeaderNavBarTests')
data.setCell(10, 3, 779);
data.setCell(11, 0, 11)
data.setCell(11, 1, 'addProductToCartFeature')
data.setCell(11, 2, 'selenium_tests.StorePageTests')
data.setCell(11, 3, 1);
data.setCell(12, 0, 12)
data.setCell(12, 1, 'addFeaturedProductsToCart')
data.setCell(12, 2, 'selenium_tests.HomePageTests')
data.setCell(12, 3, 0);
data.setCell(13, 0, 13)
data.setCell(13, 1, 'featuredProductsToBeVisible')
data.setCell(13, 2, 'selenium_tests.HomePageTests')
data.setCell(13, 3, 0);
data.setCell(14, 0, 14)
data.setCell(14, 1, 'findMoreButtonNavigation')
data.setCell(14, 2, 'selenium_tests.HomePageTests')
data.setCell(14, 3, 0);
data.setCell(15, 0, 15)
data.setCell(15, 1, 'commercialInfoToBeVisible')
data.setCell(15, 2, 'selenium_tests.HomePageTests')
data.setCell(15, 3, 0);
data.setCell(16, 0, 16)
data.setCell(16, 1, 'searchFeature')
data.setCell(16, 2, 'selenium_tests.StorePageTests')
data.setCell(16, 3, 0);
data.setCell(17, 0, 17)
data.setCell(17, 1, 'noItemsInCartWidgetFeature')
data.setCell(17, 2, 'selenium_tests.StorePageTests')
data.setCell(17, 3, 0);
data.setCell(18, 0, 18)
data.setCell(18, 1, 'browseByCategoryFeature')
data.setCell(18, 2, 'selenium_tests.StorePageTests')
data.setCell(18, 3, 0);
data.setCell(19, 0, 19)
data.setCell(19, 1, 'sortProductsFeature')
data.setCell(19, 2, 'selenium_tests.StorePageTests')
data.setCell(19, 3, 0);
data.setCell(20, 0, 20)
data.setCell(20, 1, 'addToCartButtonsShouldHaveVisibleText')
data.setCell(20, 2, 'selenium_tests.StorePageTests')
data.setCell(20, 3, 0);
data.setCell(21, 0, 21)
data.setCell(21, 1, 'expectErrorMessageIfEnteringInvalidCouponCode')
data.setCell(21, 2, 'selenium_tests.CartPageTests')
data.setCell(21, 3, 0);
data.setCell(22, 0, 22)
data.setCell(22, 1, 'removeAndRestoreItemsFromCartFeature')
data.setCell(22, 2, 'selenium_tests.CartPageTests')
data.setCell(22, 3, 0);
data.setCell(23, 0, 23)
data.setCell(23, 1, 'increaseItemQuantityFeature')
data.setCell(23, 2, 'selenium_tests.CartPageTests')
data.setCell(23, 3, 0);
data.setCell(24, 0, 24)
data.setCell(24, 1, 'shipToADifferentAddressFeature')
data.setCell(24, 2, 'selenium_tests.CheckoutPageTests')
data.setCell(24, 3, 0);
data.setCell(25, 0, 25)
data.setCell(25, 1, 'requiredFieldsFeature')
data.setCell(25, 2, 'selenium_tests.CheckoutPageTests')
data.setCell(25, 3, 0);
data.setCell(26, 0, 26)
data.setCell(26, 1, 'createAnAccountFormFeature')
data.setCell(26, 2, 'selenium_tests.CheckoutPageTests')
data.setCell(26, 3, 0);
data.setCell(27, 0, 27)
data.setCell(27, 1, 'thePlaceOrderButtonShouldHaveVisibleText')
data.setCell(27, 2, 'selenium_tests.CheckoutPageTests')
data.setCell(27, 3, 0);
window.suiteTableData['TestSuite1']= { tableData: data, tableDiv: 'times-div-TestSuite1'}
return data;
}
              </script>
              <span class="suite-total-time">Total running time: 48 seconds</span>
              <div id="times-div-TestSuite1">
              </div> <!-- times-div-TestSuite1 -->
            </div> <!-- times-div -->
          </div> <!-- main-panel-content rounded-window-bottom -->
        </div> <!-- panel -->
        <div panel-name="reporter-TestSuite1" class="panel">
          <div class="main-panel-header rounded-window-top">
            <span class="header-content">Reporter output for TestSuite1</span>
          </div> <!-- main-panel-header rounded-window-top -->
          <div class="main-panel-content rounded-window-bottom">
          </div> <!-- main-panel-content rounded-window-bottom -->
        </div> <!-- panel -->
        <div panel-name="ignored-methods-TestSuite1" class="panel">
          <div class="main-panel-header rounded-window-top">
            <span class="header-content">0 ignored methods</span>
          </div> <!-- main-panel-header rounded-window-top -->
          <div class="main-panel-content rounded-window-bottom">
          </div> <!-- main-panel-content rounded-window-bottom -->
        </div> <!-- panel -->
        <div panel-name="chronological-TestSuite1" class="panel">
          <div class="main-panel-header rounded-window-top">
            <span class="header-content">Methods in chronological order</span>
          </div> <!-- main-panel-header rounded-window-top -->
          <div class="main-panel-content rounded-window-bottom">
            <div class="chronological-class">
              <div class="chronological-class-name">selenium_tests.HomePageTests</div> <!-- chronological-class-name -->
              <div class="configuration-method before">
                <img src="failed.png">
                </img>
                <span class="method-name">launchBrowser(chrome)</span>
                <span class="method-start">0 ms</span>
              </div> <!-- configuration-method before -->
            </div> <!-- chronological-class -->
            <div class="chronological-class">
              <div class="chronological-class-name">selenium_tests.StorePageTests</div> <!-- chronological-class-name -->
              <div class="configuration-method before">
                <img src="failed.png">
                </img>
                <span class="method-name">launchBrowser(chrome)</span>
                <span class="method-start">0 ms</span>
              </div> <!-- configuration-method before -->
            </div> <!-- chronological-class -->
            <div class="chronological-class">
              <div class="chronological-class-name">selenium_tests.e2e</div> <!-- chronological-class-name -->
              <div class="configuration-method before">
                <span class="method-name">launchBrowser(firefox)</span>
                <span class="method-start">0 ms</span>
              </div> <!-- configuration-method before -->
            </div> <!-- chronological-class -->
            <div class="chronological-class">
              <div class="chronological-class-name">selenium_tests.HeaderNavBarTests</div> <!-- chronological-class-name -->
              <div class="configuration-method before">
                <span class="method-name">launchBrowser(firefox)</span>
                <span class="method-start">0 ms</span>
              </div> <!-- configuration-method before -->
            </div> <!-- chronological-class -->
            <div class="chronological-class">
              <div class="chronological-class-name">selenium_tests.HomePageTests</div> <!-- chronological-class-name -->
              <div class="configuration-method before">
                <span class="method-name">initPageObjects</span>
                <span class="method-start">6338 ms</span>
              </div> <!-- configuration-method before -->
            </div> <!-- chronological-class -->
            <div class="chronological-class">
              <div class="chronological-class-name">selenium_tests.StorePageTests</div> <!-- chronological-class-name -->
              <div class="configuration-method before">
                <span class="method-name">initPageObjects</span>
                <span class="method-start">6338 ms</span>
              </div> <!-- configuration-method before -->
            </div> <!-- chronological-class -->
            <div class="chronological-class">
              <div class="chronological-class-name">selenium_tests.HomePageTests</div> <!-- chronological-class-name -->
              <div class="test-method">
                <span class="method-name">addFeaturedProductsToCart</span>
                <span class="method-start">6341 ms</span>
              </div> <!-- test-method -->
            </div> <!-- chronological-class -->
            <div class="chronological-class">
              <div class="chronological-class-name">selenium_tests.StorePageTests</div> <!-- chronological-class-name -->
              <div class="test-method">
                <span class="method-name">addProductToCartFeature</span>
                <span class="method-start">6341 ms</span>
              </div> <!-- test-method -->
            </div> <!-- chronological-class -->
            <div class="chronological-class">
              <div class="chronological-class-name">selenium_tests.HomePageTests</div> <!-- chronological-class-name -->
              <div class="configuration-method after">
                <img src="failed.png">
                </img>
                <span class="method-name">tearDown([TestResult name={null} status=CREATED method=HomePageTests.addFeaturedProductsToCart()[pri:0, insta...)</span>
                <span class="method-start">6350 ms</span>
              </div> <!-- configuration-method after -->
            </div> <!-- chronological-class -->
            <div class="chronological-class">
              <div class="chronological-class-name">selenium_tests.StorePageTests</div> <!-- chronological-class-name -->
              <div class="configuration-method after">
                <img src="failed.png">
                </img>
                <span class="method-name">tearDown([TestResult name={null} status=CREATED method=StorePageTests.addProductToCartFeature()[pri:0, instan...)</span>
                <span class="method-start">6350 ms</span>
              </div> <!-- configuration-method after -->
              <div class="configuration-method before">
                <img src="failed.png">
                </img>
                <span class="method-name">launchBrowser(chrome)</span>
                <span class="method-start">6372 ms</span>
              </div> <!-- configuration-method before -->
            </div> <!-- chronological-class -->
            <div class="chronological-class">
              <div class="chronological-class-name">selenium_tests.HomePageTests</div> <!-- chronological-class-name -->
              <div class="configuration-method before">
                <img src="failed.png">
                </img>
                <span class="method-name">launchBrowser(chrome)</span>
                <span class="method-start">6383 ms</span>
              </div> <!-- configuration-method before -->
              <div class="configuration-method before">
                <span class="method-name">initPageObjects</span>
                <span class="method-start">7198 ms</span>
              </div> <!-- configuration-method before -->
            </div> <!-- chronological-class -->
            <div class="chronological-class">
              <div class="chronological-class-name">selenium_tests.StorePageTests</div> <!-- chronological-class-name -->
              <div class="configuration-method before">
                <span class="method-name">initPageObjects</span>
                <span class="method-start">7198 ms</span>
              </div> <!-- configuration-method before -->
            </div> <!-- chronological-class -->
            <div class="chronological-class">
              <div class="chronological-class-name">selenium_tests.HomePageTests</div> <!-- chronological-class-name -->
              <div class="test-method">
                <span class="method-name">commercialInfoToBeVisible</span>
                <span class="method-start">7200 ms</span>
              </div> <!-- test-method -->
            </div> <!-- chronological-class -->
            <div class="chronological-class">
              <div class="chronological-class-name">selenium_tests.StorePageTests</div> <!-- chronological-class-name -->
              <div class="test-method">
                <span class="method-name">addToCartButtonsShouldHaveVisibleText</span>
                <span class="method-start">7200 ms</span>
              </div> <!-- test-method -->
            </div> <!-- chronological-class -->
            <div class="chronological-class">
              <div class="chronological-class-name">selenium_tests.HomePageTests</div> <!-- chronological-class-name -->
              <div class="configuration-method after">
                <img src="failed.png">
                </img>
                <span class="method-name">tearDown([TestResult name={null} status=CREATED method=HomePageTests.commercialInfoToBeVisible()[pri:0, insta...)</span>
                <span class="method-start">7204 ms</span>
              </div> <!-- configuration-method after -->
            </div> <!-- chronological-class -->
            <div class="chronological-class">
              <div class="chronological-class-name">selenium_tests.StorePageTests</div> <!-- chronological-class-name -->
              <div class="configuration-method after">
                <img src="failed.png">
                </img>
                <span class="method-name">tearDown([TestResult name={null} status=CREATED method=StorePageTests.addToCartButtonsShouldHaveVisibleText()...)</span>
                <span class="method-start">7204 ms</span>
              </div> <!-- configuration-method after -->
            </div> <!-- chronological-class -->
            <div class="chronological-class">
              <div class="chronological-class-name">selenium_tests.HomePageTests</div> <!-- chronological-class-name -->
              <div class="configuration-method before">
                <img src="failed.png">
                </img>
                <span class="method-name">launchBrowser(chrome)</span>
                <span class="method-start">7209 ms</span>
              </div> <!-- configuration-method before -->
            </div> <!-- chronological-class -->
            <div class="chronological-class">
              <div class="chronological-class-name">selenium_tests.StorePageTests</div> <!-- chronological-class-name -->
              <div class="configuration-method before">
                <img src="failed.png">
                </img>
                <span class="method-name">launchBrowser(chrome)</span>
                <span class="method-start">7209 ms</span>
              </div> <!-- configuration-method before -->
            </div> <!-- chronological-class -->
            <div class="chronological-class">
              <div class="chronological-class-name">selenium_tests.HomePageTests</div> <!-- chronological-class-name -->
              <div class="configuration-method before">
                <span class="method-name">initPageObjects</span>
                <span class="method-start">7884 ms</span>
              </div> <!-- configuration-method before -->
            </div> <!-- chronological-class -->
            <div class="chronological-class">
              <div class="chronological-class-name">selenium_tests.StorePageTests</div> <!-- chronological-class-name -->
              <div class="configuration-method before">
                <span class="method-name">initPageObjects</span>
                <span class="method-start">7884 ms</span>
              </div> <!-- configuration-method before -->
            </div> <!-- chronological-class -->
            <div class="chronological-class">
              <div class="chronological-class-name">selenium_tests.HomePageTests</div> <!-- chronological-class-name -->
              <div class="test-method">
                <span class="method-name">featuredProductsToBeVisible</span>
                <span class="method-start">7885 ms</span>
              </div> <!-- test-method -->
            </div> <!-- chronological-class -->
            <div class="chronological-class">
              <div class="chronological-class-name">selenium_tests.StorePageTests</div> <!-- chronological-class-name -->
              <div class="test-method">
                <span class="method-name">browseByCategoryFeature</span>
                <span class="method-start">7885 ms</span>
              </div> <!-- test-method -->
            </div> <!-- chronological-class -->
            <div class="chronological-class">
              <div class="chronological-class-name">selenium_tests.HomePageTests</div> <!-- chronological-class-name -->
              <div class="configuration-method after">
                <img src="failed.png">
                </img>
                <span class="method-name">tearDown([TestResult name={null} status=CREATED method=HomePageTests.featuredProductsToBeVisible()[pri:0, ins...)</span>
                <span class="method-start">7888 ms</span>
              </div> <!-- configuration-method after -->
            </div> <!-- chronological-class -->
            <div class="chronological-class">
              <div class="chronological-class-name">selenium_tests.StorePageTests</div> <!-- chronological-class-name -->
              <div class="configuration-method after">
                <img src="failed.png">
                </img>
                <span class="method-name">tearDown([TestResult name={null} status=CREATED method=StorePageTests.browseByCategoryFeature()[pri:0, instan...)</span>
                <span class="method-start">7888 ms</span>
              </div> <!-- configuration-method after -->
            </div> <!-- chronological-class -->
            <div class="chronological-class">
              <div class="chronological-class-name">selenium_tests.HomePageTests</div> <!-- chronological-class-name -->
              <div class="configuration-method before">
                <img src="failed.png">
                </img>
                <span class="method-name">launchBrowser(chrome)</span>
                <span class="method-start">7894 ms</span>
              </div> <!-- configuration-method before -->
            </div> <!-- chronological-class -->
            <div class="chronological-class">
              <div class="chronological-class-name">selenium_tests.StorePageTests</div> <!-- chronological-class-name -->
              <div class="configuration-method before">
                <img src="failed.png">
                </img>
                <span class="method-name">launchBrowser(chrome)</span>
                <span class="method-start">7895 ms</span>
              </div> <!-- configuration-method before -->
              <div class="configuration-method before">
                <span class="method-name">initPageObjects</span>
                <span class="method-start">8578 ms</span>
              </div> <!-- configuration-method before -->
            </div> <!-- chronological-class -->
            <div class="chronological-class">
              <div class="chronological-class-name">selenium_tests.HomePageTests</div> <!-- chronological-class-name -->
              <div class="configuration-method before">
                <span class="method-name">initPageObjects</span>
                <span class="method-start">8580 ms</span>
              </div> <!-- configuration-method before -->
            </div> <!-- chronological-class -->
            <div class="chronological-class">
              <div class="chronological-class-name">selenium_tests.StorePageTests</div> <!-- chronological-class-name -->
              <div class="test-method">
                <span class="method-name">noItemsInCartWidgetFeature</span>
                <span class="method-start">8580 ms</span>
              </div> <!-- test-method -->
            </div> <!-- chronological-class -->
            <div class="chronological-class">
              <div class="chronological-class-name">selenium_tests.HomePageTests</div> <!-- chronological-class-name -->
              <div class="test-method">
                <span class="method-name">findMoreButtonNavigation</span>
                <span class="method-start">8581 ms</span>
              </div> <!-- test-method -->
            </div> <!-- chronological-class -->
            <div class="chronological-class">
              <div class="chronological-class-name">selenium_tests.StorePageTests</div> <!-- chronological-class-name -->
              <div class="configuration-method after">
                <img src="failed.png">
                </img>
                <span class="method-name">tearDown([TestResult name={null} status=CREATED method=StorePageTests.noItemsInCartWidgetFeature()[pri:0, ins...)</span>
                <span class="method-start">8582 ms</span>
              </div> <!-- configuration-method after -->
            </div> <!-- chronological-class -->
            <div class="chronological-class">
              <div class="chronological-class-name">selenium_tests.HomePageTests</div> <!-- chronological-class-name -->
              <div class="configuration-method after">
                <img src="failed.png">
                </img>
                <span class="method-name">tearDown([TestResult name={null} status=CREATED method=HomePageTests.findMoreButtonNavigation()[pri:0, instan...)</span>
                <span class="method-start">8584 ms</span>
              </div> <!-- configuration-method after -->
            </div> <!-- chronological-class -->
            <div class="chronological-class">
              <div class="chronological-class-name">selenium_tests.StorePageTests</div> <!-- chronological-class-name -->
              <div class="configuration-method before">
                <img src="failed.png">
                </img>
                <span class="method-name">launchBrowser(chrome)</span>
                <span class="method-start">8586 ms</span>
              </div> <!-- configuration-method before -->
            </div> <!-- chronological-class -->
            <div class="chronological-class">
              <div class="chronological-class-name">selenium_tests.CartPageTests</div> <!-- chronological-class-name -->
              <div class="configuration-method before">
                <img src="failed.png">
                </img>
                <span class="method-name">launchBrowser(chrome)</span>
                <span class="method-start">8651 ms</span>
              </div> <!-- configuration-method before -->
              <div class="configuration-method before">
                <span class="method-name">initPageObjects</span>
                <span class="method-start">9310 ms</span>
              </div> <!-- configuration-method before -->
              <div class="test-method">
                <span class="method-name">expectErrorMessageIfEnteringInvalidCouponCode</span>
                <span class="method-start">9311 ms</span>
              </div> <!-- test-method -->
              <div class="configuration-method after">
                <img src="failed.png">
                </img>
                <span class="method-name">tearDown([TestResult name={null} status=CREATED method=CartPageTests.expectErrorMessageIfEnteringInvalidCoupo...)</span>
                <span class="method-start">9314 ms</span>
              </div> <!-- configuration-method after -->
              <div class="configuration-method before">
                <img src="failed.png">
                </img>
                <span class="method-name">launchBrowser(chrome)</span>
                <span class="method-start">9318 ms</span>
              </div> <!-- configuration-method before -->
            </div> <!-- chronological-class -->
            <div class="chronological-class">
              <div class="chronological-class-name">selenium_tests.StorePageTests</div> <!-- chronological-class-name -->
              <div class="configuration-method before">
                <span class="method-name">initPageObjects</span>
                <span class="method-start">9323 ms</span>
              </div> <!-- configuration-method before -->
              <div class="test-method">
                <span class="method-name">searchFeature</span>
                <span class="method-start">9325 ms</span>
              </div> <!-- test-method -->
              <div class="configuration-method after">
                <img src="failed.png">
                </img>
                <span class="method-name">tearDown([TestResult name={null} status=CREATED method=StorePageTests.searchFeature()[pri:0, instance:seleniu...)</span>
                <span class="method-start">9328 ms</span>
              </div> <!-- configuration-method after -->
              <div class="configuration-method before">
                <img src="failed.png">
                </img>
                <span class="method-name">launchBrowser(chrome)</span>
                <span class="method-start">9333 ms</span>
              </div> <!-- configuration-method before -->
            </div> <!-- chronological-class -->
            <div class="chronological-class">
              <div class="chronological-class-name">selenium_tests.CartPageTests</div> <!-- chronological-class-name -->
              <div class="configuration-method before">
                <span class="method-name">initPageObjects</span>
                <span class="method-start">10053 ms</span>
              </div> <!-- configuration-method before -->
              <div class="test-method">
                <span class="method-name">increaseItemQuantityFeature</span>
                <span class="method-start">10054 ms</span>
              </div> <!-- test-method -->
            </div> <!-- chronological-class -->
            <div class="chronological-class">
              <div class="chronological-class-name">selenium_tests.e2e</div> <!-- chronological-class-name -->
              <div class="configuration-method before">
                <span class="method-name">initPageObjects</span>
                <span class="method-start">10057 ms</span>
              </div> <!-- configuration-method before -->
            </div> <!-- chronological-class -->
            <div class="chronological-class">
              <div class="chronological-class-name">selenium_tests.CartPageTests</div> <!-- chronological-class-name -->
              <div class="configuration-method after">
                <img src="failed.png">
                </img>
                <span class="method-name">tearDown([TestResult name={null} status=CREATED method=CartPageTests.increaseItemQuantityFeature()[pri:0, ins...)</span>
                <span class="method-start">10057 ms</span>
              </div> <!-- configuration-method after -->
            </div> <!-- chronological-class -->
            <div class="chronological-class">
              <div class="chronological-class-name">selenium_tests.HeaderNavBarTests</div> <!-- chronological-class-name -->
              <div class="configuration-method before">
                <span class="method-name">initPageObjects</span>
                <span class="method-start">10060 ms</span>
              </div> <!-- configuration-method before -->
            </div> <!-- chronological-class -->
            <div class="chronological-class">
              <div class="chronological-class-name">selenium_tests.CartPageTests</div> <!-- chronological-class-name -->
              <div class="configuration-method before">
                <img src="failed.png">
                </img>
                <span class="method-name">launchBrowser(chrome)</span>
                <span class="method-start">10063 ms</span>
              </div> <!-- configuration-method before -->
            </div> <!-- chronological-class -->
            <div class="chronological-class">
              <div class="chronological-class-name">selenium_tests.StorePageTests</div> <!-- chronological-class-name -->
              <div class="configuration-method before">
                <span class="method-name">initPageObjects</span>
                <span class="method-start">10077 ms</span>
              </div> <!-- configuration-method before -->
              <div class="test-method">
                <span class="method-name">sortProductsFeature</span>
                <span class="method-start">10078 ms</span>
              </div> <!-- test-method -->
              <div class="configuration-method after">
                <img src="failed.png">
                </img>
                <span class="method-name">tearDown([TestResult name={null} status=CREATED method=StorePageTests.sortProductsFeature()[pri:0, instance:s...)</span>
                <span class="method-start">10080 ms</span>
              </div> <!-- configuration-method after -->
            </div> <!-- chronological-class -->
            <div class="chronological-class">
              <div class="chronological-class-name">selenium_tests.CheckoutPageTests</div> <!-- chronological-class-name -->
              <div class="configuration-method before">
                <img src="failed.png">
                </img>
                <span class="method-name">launchBrowser(chrome)</span>
                <span class="method-start">10108 ms</span>
              </div> <!-- configuration-method before -->
            </div> <!-- chronological-class -->
            <div class="chronological-class">
              <div class="chronological-class-name">selenium_tests.CartPageTests</div> <!-- chronological-class-name -->
              <div class="configuration-method before">
                <span class="method-name">initPageObjects</span>
                <span class="method-start">10785 ms</span>
              </div> <!-- configuration-method before -->
            </div> <!-- chronological-class -->
            <div class="chronological-class">
              <div class="chronological-class-name">selenium_tests.CheckoutPageTests</div> <!-- chronological-class-name -->
              <div class="configuration-method before">
                <span class="method-name">initPageObjects</span>
                <span class="method-start">10786 ms</span>
              </div> <!-- configuration-method before -->
            </div> <!-- chronological-class -->
            <div class="chronological-class">
              <div class="chronological-class-name">selenium_tests.CartPageTests</div> <!-- chronological-class-name -->
              <div class="test-method">
                <span class="method-name">removeAndRestoreItemsFromCartFeature</span>
                <span class="method-start">10787 ms</span>
              </div> <!-- test-method -->
            </div> <!-- chronological-class -->
            <div class="chronological-class">
              <div class="chronological-class-name">selenium_tests.CheckoutPageTests</div> <!-- chronological-class-name -->
              <div class="test-method">
                <span class="method-name">createAnAccountFormFeature</span>
                <span class="method-start">10787 ms</span>
              </div> <!-- test-method -->
            </div> <!-- chronological-class -->
            <div class="chronological-class">
              <div class="chronological-class-name">selenium_tests.CartPageTests</div> <!-- chronological-class-name -->
              <div class="configuration-method after">
                <img src="failed.png">
                </img>
                <span class="method-name">tearDown([TestResult name={null} status=CREATED method=CartPageTests.removeAndRestoreItemsFromCartFeature()[p...)</span>
                <span class="method-start">10789 ms</span>
              </div> <!-- configuration-method after -->
            </div> <!-- chronological-class -->
            <div class="chronological-class">
              <div class="chronological-class-name">selenium_tests.CheckoutPageTests</div> <!-- chronological-class-name -->
              <div class="configuration-method after">
                <img src="failed.png">
                </img>
                <span class="method-name">tearDown([TestResult name={null} status=CREATED method=CheckoutPageTests.createAnAccountFormFeature()[pri:0, ...)</span>
                <span class="method-start">10789 ms</span>
              </div> <!-- configuration-method after -->
              <div class="configuration-method before">
                <img src="failed.png">
                </img>
                <span class="method-name">launchBrowser(chrome)</span>
                <span class="method-start">10794 ms</span>
              </div> <!-- configuration-method before -->
            </div> <!-- chronological-class -->
            <div class="chronological-class">
              <div class="chronological-class-name">selenium_tests.e2e</div> <!-- chronological-class-name -->
              <div class="test-method">
                <span class="method-name">endToEndBuyADifferentProduct</span>
                <span class="method-start">10936 ms</span>
              </div> <!-- test-method -->
            </div> <!-- chronological-class -->
            <div class="chronological-class">
              <div class="chronological-class-name">selenium_tests.HeaderNavBarTests</div> <!-- chronological-class-name -->
              <div class="test-method">
                <span class="method-name">headerNavBarNavigationFeature(Contact Us, /contact-us)</span>
                <span class="method-start">10938 ms</span>
              </div> <!-- test-method -->
            </div> <!-- chronological-class -->
            <div class="chronological-class">
              <div class="chronological-class-name">selenium_tests.CheckoutPageTests</div> <!-- chronological-class-name -->
              <div class="configuration-method before">
                <span class="method-name">initPageObjects</span>
                <span class="method-start">11349 ms</span>
              </div> <!-- configuration-method before -->
              <div class="test-method">
                <span class="method-name">requiredFieldsFeature</span>
                <span class="method-start">11351 ms</span>
              </div> <!-- test-method -->
              <div class="configuration-method after">
                <img src="failed.png">
                </img>
                <span class="method-name">tearDown([TestResult name={null} status=CREATED method=CheckoutPageTests.requiredFieldsFeature()[pri:0, insta...)</span>
                <span class="method-start">11353 ms</span>
              </div> <!-- configuration-method after -->
              <div class="configuration-method before">
                <img src="failed.png">
                </img>
                <span class="method-name">launchBrowser(chrome)</span>
                <span class="method-start">11358 ms</span>
              </div> <!-- configuration-method before -->
              <div class="configuration-method before">
                <span class="method-name">initPageObjects</span>
                <span class="method-start">11883 ms</span>
              </div> <!-- configuration-method before -->
              <div class="test-method">
                <span class="method-name">shipToADifferentAddressFeature</span>
                <span class="method-start">11884 ms</span>
              </div> <!-- test-method -->
              <div class="configuration-method after">
                <img src="failed.png">
                </img>
                <span class="method-name">tearDown([TestResult name={null} status=CREATED method=CheckoutPageTests.shipToADifferentAddressFeature()[pri...)</span>
                <span class="method-start">11887 ms</span>
              </div> <!-- configuration-method after -->
              <div class="configuration-method before">
                <img src="failed.png">
                </img>
                <span class="method-name">launchBrowser(chrome)</span>
                <span class="method-start">11891 ms</span>
              </div> <!-- configuration-method before -->
              <div class="configuration-method before">
                <span class="method-name">initPageObjects</span>
                <span class="method-start">12380 ms</span>
              </div> <!-- configuration-method before -->
              <div class="test-method">
                <span class="method-name">thePlaceOrderButtonShouldHaveVisibleText</span>
                <span class="method-start">12380 ms</span>
              </div> <!-- test-method -->
              <div class="configuration-method after">
                <img src="failed.png">
                </img>
                <span class="method-name">tearDown([TestResult name={null} status=CREATED method=CheckoutPageTests.thePlaceOrderButtonShouldHaveVisible...)</span>
                <span class="method-start">12382 ms</span>
              </div> <!-- configuration-method after -->
            </div> <!-- chronological-class -->
            <div class="chronological-class">
              <div class="chronological-class-name">selenium_tests.HeaderNavBarTests</div> <!-- chronological-class-name -->
              <div class="configuration-method after">
                <span class="method-name">tearDown([TestResult name=headerNavBarNavigationFeature status=SUCCESS method=HeaderNavBarTests.headerNavBarN...)</span>
                <span class="method-start">13079 ms</span>
              </div> <!-- configuration-method after -->
              <div class="configuration-method before">
                <span class="method-name">launchBrowser(firefox)</span>
                <span class="method-start">13782 ms</span>
              </div> <!-- configuration-method before -->
              <div class="configuration-method before">
                <span class="method-name">initPageObjects</span>
                <span class="method-start">16093 ms</span>
              </div> <!-- configuration-method before -->
              <div class="test-method">
                <span class="method-name">headerNavBarNavigationFeature(About, /about)</span>
                <span class="method-start">16096 ms</span>
              </div> <!-- test-method -->
              <div class="configuration-method after">
                <span class="method-name">tearDown([TestResult name=headerNavBarNavigationFeature status=SUCCESS method=HeaderNavBarTests.headerNavBarN...)</span>
                <span class="method-start">17919 ms</span>
              </div> <!-- configuration-method after -->
              <div class="configuration-method before">
                <span class="method-name">launchBrowser(firefox)</span>
                <span class="method-start">18520 ms</span>
              </div> <!-- configuration-method before -->
              <div class="configuration-method before">
                <span class="method-name">initPageObjects</span>
                <span class="method-start">20786 ms</span>
              </div> <!-- configuration-method before -->
              <div class="test-method">
                <span class="method-name">headerNavBarNavigationFeature(Account, /account)</span>
                <span class="method-start">20789 ms</span>
              </div> <!-- test-method -->
            </div> <!-- chronological-class -->
            <div class="chronological-class">
              <div class="chronological-class-name">selenium_tests.e2e</div> <!-- chronological-class-name -->
              <div class="configuration-method after">
                <span class="method-name">tearDown([TestResult name=endToEndBuyADifferentProduct status=SUCCESS method=e2e.endToEndBuyADifferentProduct...)</span>
                <span class="method-start">22641 ms</span>
              </div> <!-- configuration-method after -->
              <div class="configuration-method before">
                <span class="method-name">launchBrowser(firefox)</span>
                <span class="method-start">23153 ms</span>
              </div> <!-- configuration-method before -->
            </div> <!-- chronological-class -->
            <div class="chronological-class">
              <div class="chronological-class-name">selenium_tests.HeaderNavBarTests</div> <!-- chronological-class-name -->
              <div class="configuration-method after">
                <span class="method-name">tearDown([TestResult name=headerNavBarNavigationFeature status=SUCCESS method=HeaderNavBarTests.headerNavBarN...)</span>
                <span class="method-start">23314 ms</span>
              </div> <!-- configuration-method after -->
              <div class="configuration-method before">
                <span class="method-name">launchBrowser(firefox)</span>
                <span class="method-start">23911 ms</span>
              </div> <!-- configuration-method before -->
            </div> <!-- chronological-class -->
            <div class="chronological-class">
              <div class="chronological-class-name">selenium_tests.e2e</div> <!-- chronological-class-name -->
              <div class="configuration-method before">
                <span class="method-name">initPageObjects</span>
                <span class="method-start">25457 ms</span>
              </div> <!-- configuration-method before -->
              <div class="test-method">
                <span class="method-name">endToEndBuyAProduct</span>
                <span class="method-start">25461 ms</span>
              </div> <!-- test-method -->
            </div> <!-- chronological-class -->
            <div class="chronological-class">
              <div class="chronological-class-name">selenium_tests.HeaderNavBarTests</div> <!-- chronological-class-name -->
              <div class="configuration-method before">
                <span class="method-name">initPageObjects</span>
                <span class="method-start">26207 ms</span>
              </div> <!-- configuration-method before -->
              <div class="test-method">
                <span class="method-name">headerNavBarNavigationFeature(Accessories, /product-category/accessories)</span>
                <span class="method-start">26211 ms</span>
              </div> <!-- test-method -->
              <div class="configuration-method after">
                <span class="method-name">tearDown([TestResult name=headerNavBarNavigationFeature status=SUCCESS method=HeaderNavBarTests.headerNavBarN...)</span>
                <span class="method-start">27899 ms</span>
              </div> <!-- configuration-method after -->
              <div class="configuration-method before">
                <span class="method-name">launchBrowser(firefox)</span>
                <span class="method-start">28393 ms</span>
              </div> <!-- configuration-method before -->
              <div class="configuration-method before">
                <span class="method-name">initPageObjects</span>
                <span class="method-start">30712 ms</span>
              </div> <!-- configuration-method before -->
              <div class="test-method">
                <span class="method-name">headerNavBarNavigationFeature(Women, /product-category/women)</span>
                <span class="method-start">30714 ms</span>
              </div> <!-- test-method -->
              <div class="configuration-method after">
                <span class="method-name">tearDown([TestResult name=headerNavBarNavigationFeature status=SUCCESS method=HeaderNavBarTests.headerNavBarN...)</span>
                <span class="method-start">32491 ms</span>
              </div> <!-- configuration-method after -->
              <div class="configuration-method before">
                <span class="method-name">launchBrowser(firefox)</span>
                <span class="method-start">33081 ms</span>
              </div> <!-- configuration-method before -->
              <div class="configuration-method before">
                <span class="method-name">initPageObjects</span>
                <span class="method-start">35254 ms</span>
              </div> <!-- configuration-method before -->
              <div class="test-method">
                <span class="method-name">headerNavBarNavigationFeature(Men, /product-category/men)</span>
                <span class="method-start">35256 ms</span>
              </div> <!-- test-method -->
              <div class="configuration-method after">
                <span class="method-name">tearDown([TestResult name=headerNavBarNavigationFeature status=SUCCESS method=HeaderNavBarTests.headerNavBarN...)</span>
                <span class="method-start">36583 ms</span>
              </div> <!-- configuration-method after -->
              <div class="configuration-method before">
                <span class="method-name">launchBrowser(firefox)</span>
                <span class="method-start">37065 ms</span>
              </div> <!-- configuration-method before -->
            </div> <!-- chronological-class -->
            <div class="chronological-class">
              <div class="chronological-class-name">selenium_tests.e2e</div> <!-- chronological-class-name -->
              <div class="configuration-method after">
                <span class="method-name">tearDown([TestResult name=endToEndBuyAProduct status=SUCCESS method=e2e.endToEndBuyAProduct()[pri:0, instance...)</span>
                <span class="method-start">38227 ms</span>
              </div> <!-- configuration-method after -->
            </div> <!-- chronological-class -->
            <div class="chronological-class">
              <div class="chronological-class-name">selenium_tests.HeaderNavBarTests</div> <!-- chronological-class-name -->
              <div class="configuration-method before">
                <span class="method-name">initPageObjects</span>
                <span class="method-start">39221 ms</span>
              </div> <!-- configuration-method before -->
              <div class="test-method">
                <span class="method-name">headerNavBarNavigationFeature(Store, /store)</span>
                <span class="method-start">39222 ms</span>
              </div> <!-- test-method -->
              <div class="configuration-method after">
                <span class="method-name">tearDown([TestResult name=headerNavBarNavigationFeature status=SUCCESS method=HeaderNavBarTests.headerNavBarN...)</span>
                <span class="method-start">40842 ms</span>
              </div> <!-- configuration-method after -->
              <div class="configuration-method before">
                <span class="method-name">launchBrowser(firefox)</span>
                <span class="method-start">41225 ms</span>
              </div> <!-- configuration-method before -->
              <div class="configuration-method before">
                <span class="method-name">initPageObjects</span>
                <span class="method-start">43219 ms</span>
              </div> <!-- configuration-method before -->
              <div class="test-method">
                <span class="method-name">headerNavBarNavigationFeature(Home, /)</span>
                <span class="method-start">43220 ms</span>
              </div> <!-- test-method -->
              <div class="configuration-method after">
                <span class="method-name">tearDown([TestResult name=headerNavBarNavigationFeature status=SUCCESS method=HeaderNavBarTests.headerNavBarN...)</span>
                <span class="method-start">44000 ms</span>
              </div> <!-- configuration-method after -->
              <div class="configuration-method before">
                <span class="method-name">launchBrowser(firefox)</span>
                <span class="method-start">44792 ms</span>
              </div> <!-- configuration-method before -->
              <div class="configuration-method before">
                <span class="method-name">initPageObjects</span>
                <span class="method-start">46782 ms</span>
              </div> <!-- configuration-method before -->
              <div class="test-method">
                <span class="method-name">menuItemsShouldHaveTexts</span>
                <span class="method-start">46784 ms</span>
              </div> <!-- test-method -->
              <div class="configuration-method after">
                <span class="method-name">tearDown([TestResult name=menuItemsShouldHaveTexts status=SUCCESS method=HeaderNavBarTests.menuItemsShouldHav...)</span>
                <span class="method-start">47613 ms</span>
              </div> <!-- configuration-method after -->
          </div> <!-- main-panel-content rounded-window-bottom -->
        </div> <!-- panel -->
      </div> <!-- main-panel-root -->
    </div> <!-- wrapper -->
  </body>
<script type="text/javascript" src="testng-reports2.js"></script>
</html>
