<?xml version="1.0" encoding="UTF-8"?>
<!-- Generated by org.testng.reporters.JUnitXMLReporter -->
<testsuite ignored="0" hostname="Oscars-MacBook-Pro.local" failures="0" tests="3" name="Cart page tests" time="2.143" errors="0" timestamp="2023-03-21T00:44:46 CET">
  <testcase classname="selenium_tests.BaseTest" name="@BeforeMethod launchBrowser" time="0.673">
    <failure type="org.openqa.selenium.remote.http.ConnectionFailedException" message="Unable to establish websocket connection to http://localhost:51412/devtools/browser/b7aaf8b8-fbdf-45f6-90ae-c2b72c5f56f5
Build info: version: &amp;apos;4.7.2&amp;apos;, revision: &amp;apos;4d4020c3b7&amp;apos;
System info: os.name: &amp;apos;Mac OS X&amp;apos;, os.arch: &amp;apos;x86_64&amp;apos;, os.version: &amp;apos;13.1&amp;apos;, java.version: &amp;apos;19.0.1&amp;apos;
Driver info: driver.version: ChromeDriver">
      <![CDATA[org.openqa.selenium.remote.http.ConnectionFailedException: Unable to establish websocket connection to http://localhost:51412/devtools/browser/b7aaf8b8-fbdf-45f6-90ae-c2b72c5f56f5
Build info: version: '4.7.2', revision: '4d4020c3b7'
System info: os.name: 'Mac OS X', os.arch: 'x86_64', os.version: '13.1', java.version: '19.0.1'
Driver info: driver.version: ChromeDriver
at org.openqa.selenium.remote.http.netty.NettyWebSocket.<init>(NettyWebSocket.java:102)
at org.openqa.selenium.remote.http.netty.NettyWebSocket.lambda$create$3(NettyWebSocket.java:128)
at org.openqa.selenium.remote.http.netty.NettyClient.openSocket(NettyClient.java:107)
at org.openqa.selenium.devtools.Connection.<init>(Connection.java:78)
at org.openqa.selenium.chromium.ChromiumDriver.lambda$new$2(ChromiumDriver.java:116)
at java.base/java.util.Optional.map(Optional.java:260)
at org.openqa.selenium.chromium.ChromiumDriver.<init>(ChromiumDriver.java:114)
at org.openqa.selenium.chrome.ChromeDriver.<init>(ChromeDriver.java:82)
at org.openqa.selenium.chrome.ChromeDriver.<init>(ChromeDriver.java:71)
at selenium_tests.BaseTest.launchBrowser(BaseTest.java:48)
at java.base/java.util.ArrayList.forEach(ArrayList.java:1511)
at java.base/java.util.concurrent.FutureTask.run(FutureTask.java:317)
at java.base/java.util.concurrent.ThreadPoolExecutor.runWorker(ThreadPoolExecutor.java:1144)
at java.base/java.util.concurrent.ThreadPoolExecutor$Worker.run(ThreadPoolExecutor.java:642)
at java.base/java.lang.Thread.run(Thread.java:1589)
... Removed 19 stack frames]]>
    </failure>
  </testcase> <!-- @BeforeMethod launchBrowser -->
  <testcase classname="selenium_tests.CheckoutPageTests" name="@BeforeMethod initPageObjects" time="0.0">
    <skipped/>
  </testcase> <!-- @BeforeMethod initPageObjects -->
  <testcase classname="selenium_tests.BaseTest" name="@AfterMethod tearDown" time="0.001">
    <failure type="java.lang.NullPointerException" message="Cannot invoke &amp;quot;org.openqa.selenium.WebDriver.close()&amp;quot; because the return value of &amp;quot;selenium_tests.BaseTest.getDriver()&amp;quot; is null">
      <![CDATA[java.lang.NullPointerException: Cannot invoke "org.openqa.selenium.WebDriver.close()" because the return value of "selenium_tests.BaseTest.getDriver()" is null
at selenium_tests.BaseTest.tearDown(BaseTest.java:82)
at java.base/java.util.ArrayList.forEach(ArrayList.java:1511)
at java.base/java.util.concurrent.FutureTask.run(FutureTask.java:317)
at java.base/java.util.concurrent.ThreadPoolExecutor.runWorker(ThreadPoolExecutor.java:1144)
at java.base/java.util.concurrent.ThreadPoolExecutor$Worker.run(ThreadPoolExecutor.java:642)
at java.base/java.lang.Thread.run(Thread.java:1589)
... Removed 20 stack frames]]>
    </failure>
  </testcase> <!-- @AfterMethod tearDown -->
  <testcase classname="selenium_tests.CartPageTests" name="expectErrorMessageIfEnteringInvalidCouponCode" time="0.0">
    <skipped/>
  </testcase> <!-- expectErrorMessageIfEnteringInvalidCouponCode -->
  <testcase classname="selenium_tests.CartPageTests" name="increaseItemQuantityFeature" time="0.0">
    <skipped/>
  </testcase> <!-- increaseItemQuantityFeature -->
  <testcase classname="selenium_tests.CartPageTests" name="removeAndRestoreItemsFromCartFeature" time="0.0">
    <skipped/>
  </testcase> <!-- removeAndRestoreItemsFromCartFeature -->
</testsuite> <!-- Cart page tests -->
